#
# A fatal error has been detected by the Java Runtime Environment:
#
#  EXCEPTION_ACCESS_VIOLATION (0xc0000005) at pc=0x00007ffdc9507f98, pid=8908, tid=2396
#
# JRE version: OpenJDK Runtime Environment (11.0.10) (build 11.0.10+0-b96-7249189)
# Java VM: OpenJDK 64-Bit Server VM (11.0.10+0-b96-7249189, mixed mode, tiered, compressed oops, g1 gc, windows-amd64)
# Problematic frame:
# V  [jvm.dll+0x357f98]
#
# No core dump will be written. Minidumps are not enabled by default on client versions of Windows
#
# If you would like to submit a bug report, please visit:
#   https://bugreport.java.com/bugreport/crash.jsp
#

---------------  S U M M A R Y ------------

Command Line: --add-opens=java.base/java.util=ALL-UNNAMED --add-opens=java.base/java.lang=ALL-UNNAMED --add-opens=java.base/java.lang.invoke=ALL-UNNAMED --add-opens=java.base/java.util=ALL-UNNAMED --add-opens=java.prefs/java.util.prefs=ALL-UNNAMED --add-opens=java.prefs/java.util.prefs=ALL-UNNAMED --add-opens=java.base/java.nio.charset=ALL-UNNAMED --add-opens=java.base/java.net=ALL-UNNAMED --add-opens=java.base/java.util.concurrent.atomic=ALL-UNNAMED -Xmx2048m -Dfile.encoding=UTF-8 -Duser.country=US -Duser.language=en -Duser.variant org.gradle.launcher.daemon.bootstrap.GradleDaemon 7.0.2

Host: Intel(R) Core(TM) i5-4200M CPU @ 2.50GHz, 4 cores, 7G,  Windows 10 , 64 bit Build 19041 (10.0.19041.1348)
Time: Fri Jan 14 17:38:41 2022 Bangladesh Standard Time elapsed time: 50.550484 seconds (0d 0h 0m 50s)

---------------  T H R E A D  ---------------

Current thread (0x0000023e4662e800):  JavaThread "C2 CompilerThread0" daemon [_thread_in_native, id=2396, stack(0x000000b3e1700000,0x000000b3e1800000)]


Current CompileTask:
C2:  50550 14913       4       groovy.lang.MetaClassImpl$1MOPIter::methodNameAction (325 bytes)

Stack: [0x000000b3e1700000,0x000000b3e1800000],  sp=0x000000b3e17fc018,  free space=1008k
Native frames: (J=compiled Java code, j=interpreted, Vv=VM code, C=native code)
V  [jvm.dll+0x357f98]


siginfo: EXCEPTION_ACCESS_VIOLATION (0xc0000005), writing address 0x00007ffdc9aa7c38


Register to memory mapping:

RIP=0x00007ffdc9507f98 jvm.dll
RAX=0x000000b3e17fea30 is pointing into the stack for thread: 0x0000023e4662e800
RBX=0x000000b3e17fc210 is pointing into the stack for thread: 0x0000023e4662e800
RCX=0x0000023e50ad2fa0 points into unknown readable memory: 0x0000023e50ad3560 | 60 35 ad 50 3e 02 00 00
RDX=0x000000b3e17ff6f0 is pointing into the stack for thread: 0x0000023e4662e800
RSP=0x000000b3e17fc018 is pointing into the stack for thread: 0x0000023e4662e800
RBP=0x00000000000004f0 is an unknown value
RSI=0x0000023e52c46220 points into unknown readable memory: 0x0000023e00000000 | 00 00 00 00 3e 02 00 00
RDI=0x0000000000000008 is an unknown value
R8 =0x0000023e4662a0a8 points into unknown readable memory: 0x0000023e4662e800 | 00 e8 62 46 3e 02 00 00
R9 =0x00007ffdc9aa7c38 jvm.dll
R10=0x0000000000000040 is an unknown value
R11=0x0000023e52c46220 points into unknown readable memory: 0x0000023e00000000 | 00 00 00 00 3e 02 00 00
R12=0x0000023e4df428e0 points into unknown readable memory: 0x0000023e52c14c10 | 10 4c c1 52 3e 02 00 00
R13=0x0000023e4df42930 points into unknown readable memory: 0x0000000000000000 | 00 00 00 00 00 00 00 00
R14=0x0000023e508f7af0 points into unknown readable memory: 0x00007ffdc9998568 | 68 85 99 c9 fd 7f 00 00
R15=0x0000023e466259b0 points into unknown readable memory: 0x0007000700000006 | 06 00 00 00 07 00 07 00


Registers:
RAX=0x000000b3e17fea30, RBX=0x000000b3e17fc210, RCX=0x0000023e50ad2fa0, RDX=0x000000b3e17ff6f0
RSP=0x000000b3e17fc018, RBP=0x00000000000004f0, RSI=0x0000023e52c46220, RDI=0x0000000000000008
R8 =0x0000023e4662a0a8, R9 =0x00007ffdc9aa7c38, R10=0x0000000000000040, R11=0x0000023e52c46220
R12=0x0000023e4df428e0, R13=0x0000023e4df42930, R14=0x0000023e508f7af0, R15=0x0000023e466259b0
RIP=0x00007ffdc9507f98, EFLAGS=0x0000000000010202

Top of Stack: (sp=0x000000b3e17fc018)
0x000000b3e17fc018:   00007ffdc969a977 000000b3e17fc210
0x000000b3e17fc028:   000000b3e17fc210 0000000000000408
0x000000b3e17fc038:   0000000000000081 0000023e4662a0a8
0x000000b3e17fc048:   0000023e466259b0 0000023e4df428e0
0x000000b3e17fc058:   0000023e4df42930 000000000025c828
0x000000b3e17fc068:   0000023e4df4a8c8 00007ffdc9a1de48
0x000000b3e17fc078:   0000023e466259b0 0000000000000040
0x000000b3e17fc088:   0000023e4ddb9df0 000000b3e17fc1a0
0x000000b3e17fc098:   0000023e49384460 0000023e49384470
0x000000b3e17fc0a8:   0000000000000008 00000000000003d8
0x000000b3e17fc0b8:   0000000000000000 000000b3e17fc628
0x000000b3e17fc0c8:   000000b3e17fc1e0 000000b3e17fc540
0x000000b3e17fc0d8:   00007ffdc9347c8c 000000b300000001
0x000000b3e17fc0e8:   000000b300000001 000000b300000000
0x000000b3e17fc0f8:   0000023e52c14c20 000000000000c200
0x000000b3e17fc108:   0000000000000000 000000b300000006 

Instructions: (pc=0x00007ffdc9507f98)
0x00007ffdc9507e98:   01 41 89 09 49 8b c9 41 89 41 08 e8 78 33 e4 ff
0x00007ffdc9507ea8:   eb 8a cc cc cc cc cc cc 40 53 48 83 ec 20 8b 0d
0x00007ffdc9507eb8:   c0 b8 6d 00 65 48 8b 04 25 58 00 00 00 ba 08 00
0x00007ffdc9507ec8:   00 00 48 8b 04 c8 48 8b 0c 10 48 8b 81 d0 04 00
0x00007ffdc9507ed8:   00 48 8b 98 88 00 00 00 48 8b 83 88 08 00 00 48
0x00007ffdc9507ee8:   85 c0 75 0c e8 ff 06 00 00 48 8b 83 88 08 00 00
0x00007ffdc9507ef8:   48 8b 08 48 89 8b 88 08 00 00 33 c9 48 89 08 48
0x00007ffdc9507f08:   89 48 08 48 89 48 10 48 89 48 18 48 83 c4 20 5b
0x00007ffdc9507f18:   c3 cc cc cc cc cc cc cc 48 89 5c 24 08 57 48 83
0x00007ffdc9507f28:   ec 20 8b da 48 8b f9 e8 7c ff ff ff 48 8b 4f 08
0x00007ffdc9507f38:   8b d3 48 8b 5c 24 30 48 c1 ea 08 48 89 04 d1 48
0x00007ffdc9507f48:   83 c4 20 5f c3 cc cc cc 4c 8b d9 8b c2 8b 15 21
0x00007ffdc9507f58:   b8 6d 00 4c 8d 14 c5 00 00 00 00 48 8b 41 08 b9
0x00007ffdc9507f68:   08 00 00 00 4d 8b 0c 02 65 48 8b 04 25 58 00 00
0x00007ffdc9507f78:   00 4c 8b 04 d0 4c 03 c1 49 8b 00 48 8b 90 d0 04
0x00007ffdc9507f88:   00 00 48 8b 82 88 00 00 00 48 8b 88 88 08 00 00
0x00007ffdc9507f98:   49 89 09 49 8b 00 48 8b 88 d0 04 00 00 48 8b 81
0x00007ffdc9507fa8:   88 00 00 00 48 8d 0d 85 fc 69 00 4c 89 88 88 08
0x00007ffdc9507fb8:   00 00 49 8b 43 08 49 89 0c 02 c3 cc cc cc cc cc
0x00007ffdc9507fc8:   cc cc cc cc cc cc cc cc 48 89 5c 24 18 57 48 83
0x00007ffdc9507fd8:   ec 20 81 c2 ff 00 00 00 33 db c1 ea 08 48 8b f9
0x00007ffdc9507fe8:   89 19 89 91 90 00 00 00 83 fa 10 77 0d 48 8d 41
0x00007ffdc9507ff8:   10 48 89 41 08 e9 90 00 00 00 8b 0d 74 b7 6d 00
0x00007ffdc9508008:   65 48 8b 04 25 58 00 00 00 48 89 6c 24 30 41 b8
0x00007ffdc9508018:   08 00 00 00 8b ea 48 8b 04 c8 48 c1 e5 03 48 89
0x00007ffdc9508028:   74 24 38 4a 8b 0c 00 48 8b 81 d0 04 00 00 48 8b
0x00007ffdc9508038:   88 88 00 00 00 48 8b c5 48 f7 d0 48 8b b1 80 08
0x00007ffdc9508048:   00 00 48 3b 46 18 73 12 4c 8d 05 69 64 48 00 48
0x00007ffdc9508058:   8b d5 48 8b ce e8 8e 4d d6 ff 48 8b 46 18 48 8d
0x00007ffdc9508068:   0c 28 48 3b 4e 20 76 10 45 33 c0 48 8b d5 48 8b
0x00007ffdc9508078:   ce e8 52 49 d6 ff eb 04 48 89 4e 18 48 8b 74 24
0x00007ffdc9508088:   38 48 8b 6c 24 30 48 89 47 08 39 9f 90 00 00 00 


Stack slot to memory mapping:
stack at sp + 0 slots: 0x00007ffdc969a977 jvm.dll
stack at sp + 1 slots: 0x000000b3e17fc210 is pointing into the stack for thread: 0x0000023e4662e800
stack at sp + 2 slots: 0x000000b3e17fc210 is pointing into the stack for thread: 0x0000023e4662e800
stack at sp + 3 slots: 0x0000000000000408 is an unknown value
stack at sp + 4 slots: 0x0000000000000081 is an unknown value
stack at sp + 5 slots: 0x0000023e4662a0a8 points into unknown readable memory: 0x0000023e4662e800 | 00 e8 62 46 3e 02 00 00
stack at sp + 6 slots: 0x0000023e466259b0 points into unknown readable memory: 0x0007000700000006 | 06 00 00 00 07 00 07 00
stack at sp + 7 slots: 0x0000023e4df428e0 points into unknown readable memory: 0x0000023e52c14c10 | 10 4c c1 52 3e 02 00 00


---------------  P R O C E S S  ---------------

Threads class SMR info:
_java_thread_list=0x0000023e4dc547c0, length=54, elements={
0x0000023e2c2fd000, 0x0000023e4660e000, 0x0000023e46614000, 0x0000023e46629000,
0x0000023e4662b800, 0x0000023e4662d800, 0x0000023e4662e800, 0x0000023e46632000,
0x0000023e4665c800, 0x0000023e470dd800, 0x0000023e48fbc000, 0x0000023e47f28000,
0x0000023e48faa800, 0x0000023e493d4800, 0x0000023e47fac000, 0x0000023e487b5800,
0x0000023e4806b800, 0x0000023e47225000, 0x0000023e47d6d000, 0x0000023e48731800,
0x0000023e48730800, 0x0000023e4872f000, 0x0000023e4872f800, 0x0000023e49b12000,
0x0000023e49b11800, 0x0000023e49b0f800, 0x0000023e49b10800, 0x0000023e49b13000,
0x0000023e49b0d800, 0x0000023e49b14000, 0x0000023e49b0e000, 0x0000023e49b0f000,
0x0000023e49b19800, 0x0000023e49b18000, 0x0000023e49b1a800, 0x0000023e49b15800,
0x0000023e49b1b000, 0x0000023e49b1c000, 0x0000023e49b16000, 0x0000023e49b17000,
0x0000023e4cae8000, 0x0000023e4cae3000, 0x0000023e4cae4000, 0x0000023e4cae5000,
0x0000023e4cae9000, 0x0000023e4cae5800, 0x0000023e4caeb800, 0x0000023e4cae7800,
0x0000023e4caec000, 0x0000023e4cae9800, 0x0000023e4caea800, 0x0000023e4cae6800,
0x0000023e4caed000, 0x0000023e4caf2000
}

Java Threads: ( => current thread )
  0x0000023e2c2fd000 JavaThread "main" [_thread_blocked, id=4028, stack(0x000000b3e0a00000,0x000000b3e0b00000)]
  0x0000023e4660e000 JavaThread "Reference Handler" daemon [_thread_blocked, id=8420, stack(0x000000b3e1200000,0x000000b3e1300000)]
  0x0000023e46614000 JavaThread "Finalizer" daemon [_thread_blocked, id=11204, stack(0x000000b3e1300000,0x000000b3e1400000)]
  0x0000023e46629000 JavaThread "Signal Dispatcher" daemon [_thread_blocked, id=6964, stack(0x000000b3e1400000,0x000000b3e1500000)]
  0x0000023e4662b800 JavaThread "Attach Listener" daemon [_thread_blocked, id=10880, stack(0x000000b3e1500000,0x000000b3e1600000)]
  0x0000023e4662d800 JavaThread "Service Thread" daemon [_thread_blocked, id=7456, stack(0x000000b3e1600000,0x000000b3e1700000)]
=>0x0000023e4662e800 JavaThread "C2 CompilerThread0" daemon [_thread_in_native, id=2396, stack(0x000000b3e1700000,0x000000b3e1800000)]
  0x0000023e46632000 JavaThread "C1 CompilerThread0" daemon [_thread_in_native, id=8968, stack(0x000000b3e1800000,0x000000b3e1900000)]
  0x0000023e4665c800 JavaThread "Sweeper thread" daemon [_thread_blocked, id=2140, stack(0x000000b3e1900000,0x000000b3e1a00000)]
  0x0000023e470dd800 JavaThread "Common-Cleaner" daemon [_thread_blocked, id=8528, stack(0x000000b3e1a00000,0x000000b3e1b00000)]
  0x0000023e48fbc000 JavaThread "Daemon health stats" [_thread_blocked, id=1344, stack(0x000000b3e1e00000,0x000000b3e1f00000)]
  0x0000023e47f28000 JavaThread "Incoming local TCP Connector on port 57841" [_thread_in_native, id=9972, stack(0x000000b3e1f00000,0x000000b3e2000000)]
  0x0000023e48faa800 JavaThread "Daemon" [_thread_blocked, id=960, stack(0x000000b3e2000000,0x000000b3e2100000)]
  0x0000023e493d4800 JavaThread "Handler for socket connection from /127.0.0.1:57841 to /127.0.0.1:57842" [_thread_in_native, id=8564, stack(0x000000b3e2100000,0x000000b3e2200000)]
  0x0000023e47fac000 JavaThread "Daemon periodic checks" [_thread_blocked, id=2800, stack(0x000000b3e2200000,0x000000b3e2300000)]
  0x0000023e487b5800 JavaThread "Cancel handler" [_thread_blocked, id=10060, stack(0x000000b3e2300000,0x000000b3e2400000)]
  0x0000023e4806b800 JavaThread "Daemon worker" [_thread_blocked, id=1052, stack(0x000000b3e2400000,0x000000b3e2500000)]
  0x0000023e47225000 JavaThread "Asynchronous log dispatcher for DefaultDaemonConnection: socket connection from /127.0.0.1:57841 to /127.0.0.1:57842" [_thread_blocked, id=5692, stack(0x000000b3e2500000,0x000000b3e2600000)]
  0x0000023e47d6d000 JavaThread "Stdin handler" [_thread_blocked, id=9892, stack(0x000000b3e2600000,0x000000b3e2700000)]
  0x0000023e48731800 JavaThread "Daemon client event forwarder" [_thread_blocked, id=2852, stack(0x000000b3e2700000,0x000000b3e2800000)]
  0x0000023e48730800 JavaThread "Cache worker for file hash cache (C:\Users\user\.gradle\caches\7.0.2\fileHashes)" [_thread_blocked, id=3332, stack(0x000000b3e2800000,0x000000b3e2900000)]
  0x0000023e4872f000 JavaThread "File lock request listener" [_thread_in_native, id=8312, stack(0x000000b3e2900000,0x000000b3e2a00000)]
  0x0000023e4872f800 JavaThread "Cache worker for journal cache (C:\Users\user\.gradle\caches\journal-1)" [_thread_blocked, id=7608, stack(0x000000b3e2b00000,0x000000b3e2c00000)]
  0x0000023e49b12000 JavaThread "File lock release action executor" [_thread_blocked, id=5332, stack(0x000000b3e2c00000,0x000000b3e2d00000)]
  0x0000023e49b11800 JavaThread "Cache worker for file hash cache (C:\Users\user\AndroidStudioProjects\Android_Digital_Pharmacy2\.gradle\7.0.2\fileHashes)" [_thread_blocked, id=1260, stack(0x000000b3e2e00000,0x000000b3e2f00000)]
  0x0000023e49b0f800 JavaThread "File watcher server" daemon [_thread_in_native, id=5212, stack(0x000000b3e2f00000,0x000000b3e3000000)]
  0x0000023e49b10800 JavaThread "File watcher consumer" daemon [_thread_blocked, id=7744, stack(0x000000b3e3000000,0x000000b3e3100000)]
  0x0000023e49b13000 JavaThread "Cache worker for checksums cache (C:\Users\user\AndroidStudioProjects\Android_Digital_Pharmacy2\.gradle\checksums)" [_thread_blocked, id=3228, stack(0x000000b3e3100000,0x000000b3e3200000)]
  0x0000023e49b0d800 JavaThread "Cache worker for cache directory md-supplier (C:\Users\user\.gradle\caches\7.0.2\md-supplier)" [_thread_blocked, id=9888, stack(0x000000b3e3200000,0x000000b3e3300000)]
  0x0000023e49b14000 JavaThread "Cache worker for cache directory md-rule (C:\Users\user\.gradle\caches\7.0.2\md-rule)" [_thread_blocked, id=10736, stack(0x000000b3e2d00000,0x000000b3e2e00000)]
  0x0000023e49b0e000 JavaThread "Cache worker for execution history cache (C:\Users\user\.gradle\caches\7.0.2\executionHistory)" [_thread_blocked, id=10984, stack(0x000000b3e3300000,0x000000b3e3400000)]
  0x0000023e49b0f000 JavaThread "jar transforms" [_thread_blocked, id=9704, stack(0x000000b3e3500000,0x000000b3e3600000)]
  0x0000023e49b19800 JavaThread "jar transforms Thread 2" [_thread_blocked, id=5140, stack(0x000000b3e3600000,0x000000b3e3700000)]
  0x0000023e49b18000 JavaThread "Cache worker for file content cache (C:\Users\user\.gradle\caches\7.0.2\fileContent)" [_thread_blocked, id=6736, stack(0x000000b3e3700000,0x000000b3e3800000)]
  0x0000023e49b1a800 JavaThread "Cache worker for dependencies-accessors (C:\Users\user\AndroidStudioProjects\Android_Digital_Pharmacy2\.gradle\7.0.2\dependencies-accessors)" [_thread_blocked, id=7660, stack(0x000000b3e3800000,0x000000b3e3900000)]
  0x0000023e49b15800 JavaThread "jar transforms Thread 3" [_thread_blocked, id=9716, stack(0x000000b3e3900000,0x000000b3e3a00000)]
  0x0000023e49b1b000 JavaThread "Cache worker for Build Output Cleanup Cache (C:\Users\user\AndroidStudioProjects\Android_Digital_Pharmacy2\.gradle\buildOutputCleanup)" [_thread_blocked, id=5736, stack(0x000000b3e3a00000,0x000000b3e3b00000)]
  0x0000023e49b1c000 JavaThread "Build operations" [_thread_blocked, id=800, stack(0x000000b3e3400000,0x000000b3e3500000)]
  0x0000023e49b16000 JavaThread "Build operations Thread 2" [_thread_blocked, id=9004, stack(0x000000b3e3b00000,0x000000b3e3c00000)]
  0x0000023e49b17000 JavaThread "Build operations Thread 3" [_thread_blocked, id=9424, stack(0x000000b3e3c00000,0x000000b3e3d00000)]
  0x0000023e4cae8000 JavaThread "Build operations Thread 4" [_thread_blocked, id=6404, stack(0x000000b3e3d00000,0x000000b3e3e00000)]
  0x0000023e4cae3000 JavaThread "jar transforms Thread 4" [_thread_blocked, id=4292, stack(0x000000b3e3f00000,0x000000b3e4000000)]
  0x0000023e4cae4000 JavaThread "Memory manager" [_thread_blocked, id=5328, stack(0x000000b3e4000000,0x000000b3e4100000)]
  0x0000023e4cae5000 JavaThread "build event listener" [_thread_blocked, id=7200, stack(0x000000b3e0800000,0x000000b3e0900000)]
  0x0000023e4cae9000 JavaThread "Execution worker for ':'" [_thread_blocked, id=488, stack(0x000000b3e4100000,0x000000b3e4200000)]
  0x0000023e4cae5800 JavaThread "Execution worker for ':' Thread 2" [_thread_blocked, id=5084, stack(0x000000b3e4200000,0x000000b3e4300000)]
  0x0000023e4caeb800 JavaThread "Execution worker for ':' Thread 3" [_thread_in_vm, id=9068, stack(0x000000b3e4300000,0x000000b3e4400000)]
  0x0000023e4cae7800 JavaThread "Cache worker for execution history cache (C:\Users\user\AndroidStudioProjects\Android_Digital_Pharmacy2\.gradle\7.0.2\executionHistory)" [_thread_blocked, id=9268, stack(0x000000b3e4400000,0x000000b3e4500000)]
  0x0000023e4caec000 JavaThread "WorkerExecutor Queue" [_thread_in_native, id=10408, stack(0x000000b3e4600000,0x000000b3e4700000)]
  0x0000023e4cae9800 JavaThread "WorkerExecutor Queue Thread 2" [_thread_blocked, id=3452, stack(0x000000b3e4900000,0x000000b3e4a00000)]
  0x0000023e4caea800 JavaThread "WorkerExecutor Queue Thread 3" [_thread_in_native, id=10580, stack(0x000000b3e4a00000,0x000000b3e4b00000)]
  0x0000023e4cae6800 JavaThread "WorkerExecutor Queue Thread 4" [_thread_in_native, id=2976, stack(0x000000b3e4b00000,0x000000b3e4c00000)]
  0x0000023e4caed000 JavaThread "Java2D Disposer" daemon [_thread_blocked, id=7568, stack(0x000000b3e4c00000,0x000000b3e4d00000)]
  0x0000023e4caf2000 JavaThread "C2 CompilerThread1" daemon [_thread_in_native, id=10868, stack(0x000000b3e3e00000,0x000000b3e3f00000)]

Other Threads:
  0x0000023e46608000 VMThread "VM Thread" [stack: 0x000000b3e1100000,0x000000b3e1200000] [id=4532]
  0x0000023e470df000 WatcherThread [stack: 0x000000b3e1b00000,0x000000b3e1c00000] [id=6236]
  0x0000023e2c315800 GCTaskThread "GC Thread#0" [stack: 0x000000b3e0c00000,0x000000b3e0d00000] [id=6452]
  0x0000023e478fb800 GCTaskThread "GC Thread#1" [stack: 0x000000b3e1c00000,0x000000b3e1d00000] [id=3288]
  0x0000023e4741b800 GCTaskThread "GC Thread#2" [stack: 0x000000b3e1d00000,0x000000b3e1e00000] [id=2848]
  0x0000023e48a32800 GCTaskThread "GC Thread#3" [stack: 0x000000b3e2a00000,0x000000b3e2b00000] [id=4468]
  0x0000023e2c346800 ConcurrentGCThread "G1 Main Marker" [stack: 0x000000b3e0d00000,0x000000b3e0e00000] [id=10632]
  0x0000023e2c347800 ConcurrentGCThread "G1 Conc#0" [stack: 0x000000b3e0e00000,0x000000b3e0f00000] [id=10656]
  0x0000023e2c3d6000 ConcurrentGCThread "G1 Refine#0" [stack: 0x000000b3e0f00000,0x000000b3e1000000] [id=1512]
  0x0000023e2c3d7000 ConcurrentGCThread "G1 Young RemSet Sampling" [stack: 0x000000b3e1000000,0x000000b3e1100000] [id=2568]

Threads with active compile tasks:
C2 CompilerThread0  50633 14913       4       groovy.lang.MetaClassImpl$1MOPIter::methodNameAction (325 bytes)
C1 CompilerThread0  50633 14961       3       java.util.regex.Pattern::split (290 bytes)
C2 CompilerThread1  50633 14958       4       java.util.regex.Pattern::compile (498 bytes)

VM state:not at safepoint (normal execution)

VM Mutex/Monitor currently owned by a thread: None

Heap address: 0x0000000080000000, size: 2048 MB, Compressed Oops mode: 32-bit
Narrow klass base: 0x0000000000000000, Narrow klass shift: 3
Compressed class space size: 1073741824 Address: 0x0000000100000000

Heap:
 garbage-first heap   total 227328K, used 148900K [0x0000000080000000, 0x0000000100000000)
  region size 1024K, 45 young (46080K), 1 survivors (1024K)
 Metaspace       used 105963K, capacity 108245K, committed 108540K, reserved 1144832K
  class space    used 13002K, capacity 13845K, committed 13952K, reserved 1048576K
Heap Regions: E=young(eden), S=young(survivor), O=old, HS=humongous(starts), HC=humongous(continues), CS=collection set, F=free, A=archive, TAMS=top-at-mark-start (previous, next)
|   0|0x0000000080000000, 0x0000000080100000, 0x0000000080100000|100%| O|  |TAMS 0x0000000080100000, 0x0000000080000000| Untracked 
|   1|0x0000000080100000, 0x0000000080200000, 0x0000000080200000|100%| O|  |TAMS 0x0000000080200000, 0x0000000080100000| Untracked 
|   2|0x0000000080200000, 0x0000000080300000, 0x0000000080300000|100%| O|  |TAMS 0x0000000080300000, 0x0000000080200000| Untracked 
|   3|0x0000000080300000, 0x0000000080400000, 0x0000000080400000|100%|HS|  |TAMS 0x0000000080400000, 0x0000000080300000| Complete 
|   4|0x0000000080400000, 0x0000000080500000, 0x0000000080500000|100%|HC|  |TAMS 0x0000000080500000, 0x0000000080400000| Complete 
|   5|0x0000000080500000, 0x0000000080600000, 0x0000000080600000|100%|HC|  |TAMS 0x0000000080600000, 0x0000000080500000| Complete 
|   6|0x0000000080600000, 0x0000000080700000, 0x0000000080700000|100%| O|  |TAMS 0x0000000080700000, 0x0000000080600000| Untracked 
|   7|0x0000000080700000, 0x0000000080800000, 0x0000000080800000|100%| O|  |TAMS 0x0000000080800000, 0x0000000080700000| Untracked 
|   8|0x0000000080800000, 0x0000000080900000, 0x0000000080900000|100%| O|  |TAMS 0x0000000080900000, 0x0000000080800000| Untracked 
|   9|0x0000000080900000, 0x0000000080a00000, 0x0000000080a00000|100%| O|  |TAMS 0x0000000080a00000, 0x0000000080900000| Untracked 
|  10|0x0000000080a00000, 0x0000000080b00000, 0x0000000080b00000|100%| O|  |TAMS 0x0000000080b00000, 0x0000000080a00000| Untracked 
|  11|0x0000000080b00000, 0x0000000080c00000, 0x0000000080c00000|100%| O|  |TAMS 0x0000000080c00000, 0x0000000080b00000| Untracked 
|  12|0x0000000080c00000, 0x0000000080d00000, 0x0000000080d00000|100%| O|  |TAMS 0x0000000080d00000, 0x0000000080c00000| Untracked 
|  13|0x0000000080d00000, 0x0000000080e00000, 0x0000000080e00000|100%| O|  |TAMS 0x0000000080e00000, 0x0000000080d00000| Untracked 
|  14|0x0000000080e00000, 0x0000000080f00000, 0x0000000080f00000|100%| O|  |TAMS 0x0000000080f00000, 0x0000000080e00000| Untracked 
|  15|0x0000000080f00000, 0x0000000081000000, 0x0000000081000000|100%| O|  |TAMS 0x0000000081000000, 0x0000000080f00000| Untracked 
|  16|0x0000000081000000, 0x0000000081100000, 0x0000000081100000|100%|HS|  |TAMS 0x0000000081100000, 0x0000000081000000| Complete 
|  17|0x0000000081100000, 0x0000000081200000, 0x0000000081200000|100%| O|  |TAMS 0x0000000081200000, 0x0000000081100000| Untracked 
|  18|0x0000000081200000, 0x0000000081300000, 0x0000000081300000|100%| O|  |TAMS 0x0000000081300000, 0x0000000081200000| Untracked 
|  19|0x0000000081300000, 0x0000000081400000, 0x0000000081400000|100%| O|  |TAMS 0x0000000081400000, 0x0000000081300000| Untracked 
|  20|0x0000000081400000, 0x0000000081500000, 0x0000000081500000|100%| O|  |TAMS 0x0000000081500000, 0x0000000081400000| Complete 
|  21|0x0000000081500000, 0x0000000081600000, 0x0000000081600000|100%| O|  |TAMS 0x0000000081600000, 0x0000000081500000| Complete 
|  22|0x0000000081600000, 0x0000000081700000, 0x0000000081700000|100%|HS|  |TAMS 0x0000000081700000, 0x0000000081600000| Complete 
|  23|0x0000000081700000, 0x0000000081800000, 0x0000000081800000|100%|HS|  |TAMS 0x0000000081800000, 0x0000000081700000| Complete 
|  24|0x0000000081800000, 0x0000000081900000, 0x0000000081900000|100%|HS|  |TAMS 0x0000000081900000, 0x0000000081800000| Complete 
|  25|0x0000000081900000, 0x0000000081a00000, 0x0000000081a00000|100%|HC|  |TAMS 0x0000000081a00000, 0x0000000081900000| Complete 
|  26|0x0000000081a00000, 0x0000000081b00000, 0x0000000081b00000|100%|HC|  |TAMS 0x0000000081b00000, 0x0000000081a00000| Complete 
|  27|0x0000000081b00000, 0x0000000081c00000, 0x0000000081c00000|100%|HS|  |TAMS 0x0000000081c00000, 0x0000000081b00000| Complete 
|  28|0x0000000081c00000, 0x0000000081d00000, 0x0000000081d00000|100%|HC|  |TAMS 0x0000000081d00000, 0x0000000081c00000| Complete 
|  29|0x0000000081d00000, 0x0000000081e00000, 0x0000000081e00000|100%| O|  |TAMS 0x0000000081e00000, 0x0000000081d00000| Untracked 
|  30|0x0000000081e00000, 0x0000000081f00000, 0x0000000081f00000|100%| O|  |TAMS 0x0000000081f00000, 0x0000000081e00000| Untracked 
|  31|0x0000000081f00000, 0x0000000082000000, 0x0000000082000000|100%| O|  |TAMS 0x0000000082000000, 0x0000000081f00000| Untracked 
|  32|0x0000000082000000, 0x0000000082100000, 0x0000000082100000|100%| O|  |TAMS 0x0000000082100000, 0x0000000082000000| Untracked 
|  33|0x0000000082100000, 0x0000000082200000, 0x0000000082200000|100%| O|  |TAMS 0x0000000082200000, 0x0000000082100000| Untracked 
|  34|0x0000000082200000, 0x0000000082300000, 0x0000000082300000|100%| O|  |TAMS 0x0000000082300000, 0x0000000082200000| Untracked 
|  35|0x0000000082300000, 0x0000000082400000, 0x0000000082400000|100%| O|  |TAMS 0x0000000082400000, 0x0000000082300000| Complete 
|  36|0x0000000082400000, 0x0000000082500000, 0x0000000082500000|100%| O|  |TAMS 0x0000000082500000, 0x0000000082400000| Untracked 
|  37|0x0000000082500000, 0x0000000082600000, 0x0000000082600000|100%| O|  |TAMS 0x0000000082600000, 0x0000000082500000| Untracked 
|  38|0x0000000082600000, 0x0000000082700000, 0x0000000082700000|100%| O|  |TAMS 0x0000000082700000, 0x0000000082600000| Untracked 
|  39|0x0000000082700000, 0x0000000082800000, 0x0000000082800000|100%| O|  |TAMS 0x0000000082800000, 0x0000000082700000| Untracked 
|  40|0x0000000082800000, 0x0000000082900000, 0x0000000082900000|100%| O|  |TAMS 0x0000000082900000, 0x0000000082800000| Complete 
|  41|0x0000000082900000, 0x0000000082a00000, 0x0000000082a00000|100%| O|  |TAMS 0x0000000082a00000, 0x0000000082900000| Untracked 
|  42|0x0000000082a00000, 0x0000000082b00000, 0x0000000082b00000|100%| O|  |TAMS 0x0000000082b00000, 0x0000000082a00000| Untracked 
|  43|0x0000000082b00000, 0x0000000082c00000, 0x0000000082c00000|100%| O|  |TAMS 0x0000000082c00000, 0x0000000082b00000| Untracked 
|  44|0x0000000082c00000, 0x0000000082d00000, 0x0000000082d00000|100%| O|  |TAMS 0x0000000082d00000, 0x0000000082c00000| Untracked 
|  45|0x0000000082d00000, 0x0000000082e00000, 0x0000000082e00000|100%| O|  |TAMS 0x0000000082e00000, 0x0000000082d00000| Untracked 
|  46|0x0000000082e00000, 0x0000000082f00000, 0x0000000082f00000|100%| O|  |TAMS 0x0000000082f00000, 0x0000000082e00000| Untracked 
|  47|0x0000000082f00000, 0x0000000083000000, 0x0000000083000000|100%| O|  |TAMS 0x0000000083000000, 0x0000000082f00000| Untracked 
|  48|0x0000000083000000, 0x0000000083100000, 0x0000000083100000|100%| O|  |TAMS 0x0000000083100000, 0x0000000083000000| Untracked 
|  49|0x0000000083100000, 0x0000000083200000, 0x0000000083200000|100%| O|  |TAMS 0x0000000083200000, 0x0000000083100000| Untracked 
|  50|0x0000000083200000, 0x0000000083300000, 0x0000000083300000|100%| O|  |TAMS 0x0000000083300000, 0x0000000083200000| Complete 
|  51|0x0000000083300000, 0x0000000083400000, 0x0000000083400000|100%| O|  |TAMS 0x0000000083400000, 0x0000000083300000| Untracked 
|  52|0x0000000083400000, 0x0000000083500000, 0x0000000083500000|100%| O|  |TAMS 0x0000000083500000, 0x0000000083400000| Untracked 
|  53|0x0000000083500000, 0x0000000083600000, 0x0000000083600000|100%| O|  |TAMS 0x0000000083600000, 0x0000000083500000| Untracked 
|  54|0x0000000083600000, 0x0000000083700000, 0x0000000083700000|100%| O|  |TAMS 0x0000000083700000, 0x0000000083600000| Untracked 
|  55|0x0000000083700000, 0x0000000083800000, 0x0000000083800000|100%| O|  |TAMS 0x0000000083800000, 0x0000000083700000| Complete 
|  56|0x0000000083800000, 0x0000000083900000, 0x0000000083900000|100%| O|  |TAMS 0x0000000083900000, 0x0000000083800000| Complete 
|  57|0x0000000083900000, 0x0000000083a00000, 0x0000000083a00000|100%| O|  |TAMS 0x0000000083a00000, 0x0000000083900000| Untracked 
|  58|0x0000000083a00000, 0x0000000083b00000, 0x0000000083b00000|100%| O|  |TAMS 0x0000000083b00000, 0x0000000083a00000| Untracked 
|  59|0x0000000083b00000, 0x0000000083c00000, 0x0000000083c00000|100%| O|  |TAMS 0x0000000083c00000, 0x0000000083b00000| Untracked 
|  60|0x0000000083c00000, 0x0000000083d00000, 0x0000000083d00000|100%| O|  |TAMS 0x0000000083d00000, 0x0000000083c00000| Untracked 
|  61|0x0000000083d00000, 0x0000000083e00000, 0x0000000083e00000|100%| O|  |TAMS 0x0000000083e00000, 0x0000000083d00000| Untracked 
|  62|0x0000000083e00000, 0x0000000083f00000, 0x0000000083f00000|100%| O|  |TAMS 0x0000000083f00000, 0x0000000083e00000| Untracked 
|  63|0x0000000083f00000, 0x0000000084000000, 0x0000000084000000|100%| O|  |TAMS 0x0000000084000000, 0x0000000083f00000| Untracked 
|  64|0x0000000084000000, 0x0000000084100000, 0x0000000084100000|100%| O|  |TAMS 0x0000000084100000, 0x0000000084000000| Untracked 
|  65|0x0000000084100000, 0x0000000084200000, 0x0000000084200000|100%| O|  |TAMS 0x0000000084200000, 0x0000000084100000| Untracked 
|  66|0x0000000084200000, 0x0000000084300000, 0x0000000084300000|100%| O|  |TAMS 0x0000000084300000, 0x0000000084200000| Untracked 
|  67|0x0000000084300000, 0x0000000084400000, 0x0000000084400000|100%| O|  |TAMS 0x0000000084400000, 0x0000000084300000| Untracked 
|  68|0x0000000084400000, 0x0000000084500000, 0x0000000084500000|100%| O|  |TAMS 0x0000000084500000, 0x0000000084400000| Untracked 
|  69|0x0000000084500000, 0x0000000084600000, 0x0000000084600000|100%| O|  |TAMS 0x0000000084600000, 0x0000000084500000| Untracked 
|  70|0x0000000084600000, 0x0000000084700000, 0x0000000084700000|100%| O|  |TAMS 0x0000000084700000, 0x0000000084600000| Untracked 
|  71|0x0000000084700000, 0x0000000084800000, 0x0000000084800000|100%| O|  |TAMS 0x0000000084800000, 0x0000000084700000| Complete 
|  72|0x0000000084800000, 0x0000000084900000, 0x0000000084900000|100%| O|  |TAMS 0x0000000084900000, 0x0000000084800000| Untracked 
|  73|0x0000000084900000, 0x0000000084a00000, 0x0000000084a00000|100%| O|  |TAMS 0x0000000084a00000, 0x0000000084900000| Untracked 
|  74|0x0000000084a00000, 0x0000000084b00000, 0x0000000084b00000|100%| O|  |TAMS 0x0000000084b00000, 0x0000000084a00000| Untracked 
|  75|0x0000000084b00000, 0x0000000084c00000, 0x0000000084c00000|100%| O|  |TAMS 0x0000000084c00000, 0x0000000084b00000| Untracked 
|  76|0x0000000084c00000, 0x0000000084d00000, 0x0000000084d00000|100%| O|  |TAMS 0x0000000084d00000, 0x0000000084c00000| Complete 
|  77|0x0000000084d00000, 0x0000000084d00000, 0x0000000084e00000|  0%| F|  |TAMS 0x0000000084d00000, 0x0000000084d00000| Untracked 
|  78|0x0000000084e00000, 0x0000000084e00000, 0x0000000084f00000|  0%| F|  |TAMS 0x0000000084e00000, 0x0000000084e00000| Untracked 
|  79|0x0000000084f00000, 0x0000000085000000, 0x0000000085000000|100%| O|  |TAMS 0x0000000085000000, 0x0000000084f00000| Complete 
|  80|0x0000000085000000, 0x0000000085100000, 0x0000000085100000|100%| O|  |TAMS 0x0000000085100000, 0x0000000085000000| Complete 
|  81|0x0000000085100000, 0x0000000085200000, 0x0000000085200000|100%| O|  |TAMS 0x0000000085200000, 0x0000000085100000| Complete 
|  82|0x0000000085200000, 0x0000000085200000, 0x0000000085300000|  0%| F|  |TAMS 0x0000000085200000, 0x0000000085200000| Untracked 
|  83|0x0000000085300000, 0x0000000085400000, 0x0000000085400000|100%| O|  |TAMS 0x0000000085400000, 0x0000000085300000| Untracked 
|  84|0x0000000085400000, 0x0000000085500000, 0x0000000085500000|100%| O|  |TAMS 0x0000000085500000, 0x0000000085400000| Untracked 
|  85|0x0000000085500000, 0x0000000085600000, 0x0000000085600000|100%| O|  |TAMS 0x0000000085600000, 0x0000000085500000| Complete 
|  86|0x0000000085600000, 0x0000000085600000, 0x0000000085700000|  0%| F|  |TAMS 0x0000000085600000, 0x0000000085600000| Untracked 
|  87|0x0000000085700000, 0x0000000085800000, 0x0000000085800000|100%| O|  |TAMS 0x0000000085800000, 0x0000000085700000| Complete 
|  88|0x0000000085800000, 0x0000000085800000, 0x0000000085900000|  0%| F|  |TAMS 0x0000000085800000, 0x0000000085800000| Untracked 
|  89|0x0000000085900000, 0x0000000085900000, 0x0000000085a00000|  0%| F|  |TAMS 0x0000000085900000, 0x0000000085900000| Untracked 
|  90|0x0000000085a00000, 0x0000000085a00000, 0x0000000085b00000|  0%| F|  |TAMS 0x0000000085a00000, 0x0000000085a00000| Untracked 
|  91|0x0000000085b00000, 0x0000000085b00000, 0x0000000085c00000|  0%| F|  |TAMS 0x0000000085b00000, 0x0000000085b00000| Untracked 
|  92|0x0000000085c00000, 0x0000000085c00000, 0x0000000085d00000|  0%| F|  |TAMS 0x0000000085c00000, 0x0000000085c00000| Untracked 
|  93|0x0000000085d00000, 0x0000000085e00000, 0x0000000085e00000|100%| O|  |TAMS 0x0000000085e00000, 0x0000000085d00000| Complete 
|  94|0x0000000085e00000, 0x0000000085f00000, 0x0000000085f00000|100%| O|  |TAMS 0x0000000085f00000, 0x0000000085e00000| Complete 
|  95|0x0000000085f00000, 0x0000000086000000, 0x0000000086000000|100%| O|  |TAMS 0x0000000086000000, 0x0000000085f00000| Complete 
|  96|0x0000000086000000, 0x0000000086100000, 0x0000000086100000|100%| O|  |TAMS 0x0000000086100000, 0x0000000086000000| Complete 
|  97|0x0000000086100000, 0x0000000086100000, 0x0000000086200000|  0%| F|  |TAMS 0x0000000086100000, 0x0000000086100000| Untracked 
|  98|0x0000000086200000, 0x0000000086300000, 0x0000000086300000|100%| O|  |TAMS 0x0000000086300000, 0x0000000086200000| Complete 
|  99|0x0000000086300000, 0x0000000086400000, 0x0000000086400000|100%| O|  |TAMS 0x0000000086400000, 0x0000000086300000| Complete 
| 100|0x0000000086400000, 0x0000000086500000, 0x0000000086500000|100%| O|  |TAMS 0x0000000086500000, 0x0000000086400000| Untracked 
| 101|0x0000000086500000, 0x0000000086600000, 0x0000000086600000|100%| O|  |TAMS 0x0000000086600000, 0x0000000086500000| Complete 
| 102|0x0000000086600000, 0x0000000086700000, 0x0000000086700000|100%| O|  |TAMS 0x0000000086700000, 0x0000000086600000| Complete 
| 103|0x0000000086700000, 0x0000000086800000, 0x0000000086800000|100%| O|  |TAMS 0x0000000086800000, 0x0000000086700000| Complete 
| 104|0x0000000086800000, 0x0000000086900000, 0x0000000086900000|100%| O|  |TAMS 0x0000000086900000, 0x0000000086800000| Complete 
| 105|0x0000000086900000, 0x0000000086a00000, 0x0000000086a00000|100%| O|  |TAMS 0x0000000086a00000, 0x0000000086900000| Complete 
| 106|0x0000000086a00000, 0x0000000086b00000, 0x0000000086b00000|100%| O|  |TAMS 0x0000000086b00000, 0x0000000086a00000| Complete 
| 107|0x0000000086b00000, 0x0000000086c00000, 0x0000000086c00000|100%| O|  |TAMS 0x0000000086c00000, 0x0000000086b00000| Complete 
| 108|0x0000000086c00000, 0x0000000086d00000, 0x0000000086d00000|100%| O|  |TAMS 0x0000000086d00000, 0x0000000086c00000| Complete 
| 109|0x0000000086d00000, 0x0000000086e00000, 0x0000000086e00000|100%| O|  |TAMS 0x0000000086e00000, 0x0000000086d00000| Untracked 
| 110|0x0000000086e00000, 0x0000000086f00000, 0x0000000086f00000|100%| O|  |TAMS 0x0000000086f00000, 0x0000000086e00000| Untracked 
| 111|0x0000000086f00000, 0x0000000087000000, 0x0000000087000000|100%| O|  |TAMS 0x0000000087000000, 0x0000000086f00000| Untracked 
| 112|0x0000000087000000, 0x0000000087069200, 0x0000000087100000| 41%| O|  |TAMS 0x0000000087069200, 0x0000000087000000| Untracked 
| 113|0x0000000087100000, 0x0000000087100000, 0x0000000087200000|  0%| F|  |TAMS 0x0000000087100000, 0x0000000087100000| Untracked 
| 114|0x0000000087200000, 0x0000000087200000, 0x0000000087300000|  0%| F|  |TAMS 0x0000000087200000, 0x0000000087200000| Untracked 
| 115|0x0000000087300000, 0x0000000087300000, 0x0000000087400000|  0%| F|  |TAMS 0x0000000087300000, 0x0000000087300000| Untracked 
| 116|0x0000000087400000, 0x0000000087400000, 0x0000000087500000|  0%| F|  |TAMS 0x0000000087400000, 0x0000000087400000| Untracked 
| 117|0x0000000087500000, 0x0000000087500000, 0x0000000087600000|  0%| F|  |TAMS 0x0000000087500000, 0x0000000087500000| Untracked 
| 118|0x0000000087600000, 0x0000000087600000, 0x0000000087700000|  0%| F|  |TAMS 0x0000000087600000, 0x0000000087600000| Untracked 
| 119|0x0000000087700000, 0x0000000087700000, 0x0000000087800000|  0%| F|  |TAMS 0x0000000087700000, 0x0000000087700000| Untracked 
| 120|0x0000000087800000, 0x0000000087800000, 0x0000000087900000|  0%| F|  |TAMS 0x0000000087800000, 0x0000000087800000| Untracked 
| 121|0x0000000087900000, 0x0000000087900000, 0x0000000087a00000|  0%| F|  |TAMS 0x0000000087900000, 0x0000000087900000| Untracked 
| 122|0x0000000087a00000, 0x0000000087a00000, 0x0000000087b00000|  0%| F|  |TAMS 0x0000000087a00000, 0x0000000087a00000| Untracked 
| 123|0x0000000087b00000, 0x0000000087b00000, 0x0000000087c00000|  0%| F|  |TAMS 0x0000000087b00000, 0x0000000087b00000| Untracked 
| 124|0x0000000087c00000, 0x0000000087c00000, 0x0000000087d00000|  0%| F|  |TAMS 0x0000000087c00000, 0x0000000087c00000| Untracked 
| 125|0x0000000087d00000, 0x0000000087d00000, 0x0000000087e00000|  0%| F|  |TAMS 0x0000000087d00000, 0x0000000087d00000| Untracked 
| 126|0x0000000087e00000, 0x0000000087e00000, 0x0000000087f00000|  0%| F|  |TAMS 0x0000000087e00000, 0x0000000087e00000| Untracked 
| 127|0x0000000087f00000, 0x0000000087f00000, 0x0000000088000000|  0%| F|  |TAMS 0x0000000087f00000, 0x0000000087f00000| Untracked 
| 128|0x0000000088000000, 0x0000000088000000, 0x0000000088100000|  0%| F|  |TAMS 0x0000000088000000, 0x0000000088000000| Untracked 
| 129|0x0000000088100000, 0x0000000088100000, 0x0000000088200000|  0%| F|  |TAMS 0x0000000088100000, 0x0000000088100000| Untracked 
| 130|0x0000000088200000, 0x0000000088200000, 0x0000000088300000|  0%| F|  |TAMS 0x0000000088200000, 0x0000000088200000| Untracked 
| 131|0x0000000088300000, 0x0000000088300000, 0x0000000088400000|  0%| F|  |TAMS 0x0000000088300000, 0x0000000088300000| Untracked 
| 132|0x0000000088400000, 0x0000000088400000, 0x0000000088500000|  0%| F|  |TAMS 0x0000000088400000, 0x0000000088400000| Untracked 
| 133|0x0000000088500000, 0x0000000088500000, 0x0000000088600000|  0%| F|  |TAMS 0x0000000088500000, 0x0000000088500000| Untracked 
| 134|0x0000000088600000, 0x0000000088600000, 0x0000000088700000|  0%| F|  |TAMS 0x0000000088600000, 0x0000000088600000| Untracked 
| 135|0x0000000088700000, 0x0000000088700000, 0x0000000088800000|  0%| F|  |TAMS 0x0000000088700000, 0x0000000088700000| Untracked 
| 136|0x0000000088800000, 0x0000000088800000, 0x0000000088900000|  0%| F|  |TAMS 0x0000000088800000, 0x0000000088800000| Untracked 
| 137|0x0000000088900000, 0x0000000088900000, 0x0000000088a00000|  0%| F|  |TAMS 0x0000000088900000, 0x0000000088900000| Untracked 
| 138|0x0000000088a00000, 0x0000000088a00000, 0x0000000088b00000|  0%| F|  |TAMS 0x0000000088a00000, 0x0000000088a00000| Untracked 
| 139|0x0000000088b00000, 0x0000000088b00000, 0x0000000088c00000|  0%| F|  |TAMS 0x0000000088b00000, 0x0000000088b00000| Untracked 
| 140|0x0000000088c00000, 0x0000000088c00000, 0x0000000088d00000|  0%| F|  |TAMS 0x0000000088c00000, 0x0000000088c00000| Untracked 
| 141|0x0000000088d00000, 0x0000000088d00000, 0x0000000088e00000|  0%| F|  |TAMS 0x0000000088d00000, 0x0000000088d00000| Untracked 
| 142|0x0000000088e00000, 0x0000000088e00000, 0x0000000088f00000|  0%| F|  |TAMS 0x0000000088e00000, 0x0000000088e00000| Untracked 
| 143|0x0000000088f00000, 0x0000000088f00000, 0x0000000089000000|  0%| F|  |TAMS 0x0000000088f00000, 0x0000000088f00000| Untracked 
| 144|0x0000000089000000, 0x0000000089000000, 0x0000000089100000|  0%| F|  |TAMS 0x0000000089000000, 0x0000000089000000| Untracked 
| 145|0x0000000089100000, 0x0000000089100000, 0x0000000089200000|  0%| F|  |TAMS 0x0000000089100000, 0x0000000089100000| Untracked 
| 146|0x0000000089200000, 0x0000000089200000, 0x0000000089300000|  0%| F|  |TAMS 0x0000000089200000, 0x0000000089200000| Untracked 
| 147|0x0000000089300000, 0x0000000089300000, 0x0000000089400000|  0%| F|  |TAMS 0x0000000089300000, 0x0000000089300000| Untracked 
| 148|0x0000000089400000, 0x0000000089400000, 0x0000000089500000|  0%| F|  |TAMS 0x0000000089400000, 0x0000000089400000| Untracked 
| 149|0x0000000089500000, 0x0000000089500000, 0x0000000089600000|  0%| F|  |TAMS 0x0000000089500000, 0x0000000089500000| Untracked 
| 150|0x0000000089600000, 0x0000000089600000, 0x0000000089700000|  0%| F|  |TAMS 0x0000000089600000, 0x0000000089600000| Untracked 
| 151|0x0000000089700000, 0x0000000089700000, 0x0000000089800000|  0%| F|  |TAMS 0x0000000089700000, 0x0000000089700000| Untracked 
| 152|0x0000000089800000, 0x0000000089800000, 0x0000000089900000|  0%| F|  |TAMS 0x0000000089800000, 0x0000000089800000| Untracked 
| 153|0x0000000089900000, 0x0000000089900000, 0x0000000089a00000|  0%| F|  |TAMS 0x0000000089900000, 0x0000000089900000| Untracked 
| 154|0x0000000089a00000, 0x0000000089a00000, 0x0000000089b00000|  0%| F|  |TAMS 0x0000000089a00000, 0x0000000089a00000| Untracked 
| 155|0x0000000089b00000, 0x0000000089b00000, 0x0000000089c00000|  0%| F|  |TAMS 0x0000000089b00000, 0x0000000089b00000| Untracked 
| 156|0x0000000089c00000, 0x0000000089c00000, 0x0000000089d00000|  0%| F|  |TAMS 0x0000000089c00000, 0x0000000089c00000| Untracked 
| 157|0x0000000089d00000, 0x0000000089d00000, 0x0000000089e00000|  0%| F|  |TAMS 0x0000000089d00000, 0x0000000089d00000| Untracked 
| 158|0x0000000089e00000, 0x0000000089e00000, 0x0000000089f00000|  0%| F|  |TAMS 0x0000000089e00000, 0x0000000089e00000| Untracked 
| 159|0x0000000089f00000, 0x0000000089f00000, 0x000000008a000000|  0%| F|  |TAMS 0x0000000089f00000, 0x0000000089f00000| Untracked 
| 160|0x000000008a000000, 0x000000008a000000, 0x000000008a100000|  0%| F|  |TAMS 0x000000008a000000, 0x000000008a000000| Untracked 
| 161|0x000000008a100000, 0x000000008a100000, 0x000000008a200000|  0%| F|  |TAMS 0x000000008a100000, 0x000000008a100000| Untracked 
| 162|0x000000008a200000, 0x000000008a200000, 0x000000008a300000|  0%| F|  |TAMS 0x000000008a200000, 0x000000008a200000| Untracked 
| 163|0x000000008a300000, 0x000000008a400000, 0x000000008a400000|100%| S|CS|TAMS 0x000000008a300000, 0x000000008a300000| Complete 
| 164|0x000000008a400000, 0x000000008a400000, 0x000000008a500000|  0%| F|  |TAMS 0x000000008a400000, 0x000000008a400000| Untracked 
| 165|0x000000008a500000, 0x000000008a500000, 0x000000008a600000|  0%| F|  |TAMS 0x000000008a500000, 0x000000008a500000| Untracked 
| 166|0x000000008a600000, 0x000000008a600000, 0x000000008a700000|  0%| F|  |TAMS 0x000000008a600000, 0x000000008a600000| Untracked 
| 167|0x000000008a700000, 0x000000008a700000, 0x000000008a800000|  0%| F|  |TAMS 0x000000008a700000, 0x000000008a700000| Untracked 
| 168|0x000000008a800000, 0x000000008a800000, 0x000000008a900000|  0%| F|  |TAMS 0x000000008a800000, 0x000000008a800000| Untracked 
| 169|0x000000008a900000, 0x000000008a900000, 0x000000008aa00000|  0%| F|  |TAMS 0x000000008a900000, 0x000000008a900000| Untracked 
| 170|0x000000008aa00000, 0x000000008aa00000, 0x000000008ab00000|  0%| F|  |TAMS 0x000000008aa00000, 0x000000008aa00000| Untracked 
| 171|0x000000008ab00000, 0x000000008ab00000, 0x000000008ac00000|  0%| F|  |TAMS 0x000000008ab00000, 0x000000008ab00000| Untracked 
| 172|0x000000008ac00000, 0x000000008ac00000, 0x000000008ad00000|  0%| F|  |TAMS 0x000000008ac00000, 0x000000008ac00000| Untracked 
| 173|0x000000008ad00000, 0x000000008ad00000, 0x000000008ae00000|  0%| F|  |TAMS 0x000000008ad00000, 0x000000008ad00000| Untracked 
| 174|0x000000008ae00000, 0x000000008ae00000, 0x000000008af00000|  0%| F|  |TAMS 0x000000008ae00000, 0x000000008ae00000| Untracked 
| 175|0x000000008af00000, 0x000000008af00000, 0x000000008b000000|  0%| F|  |TAMS 0x000000008af00000, 0x000000008af00000| Untracked 
| 176|0x000000008b000000, 0x000000008b000000, 0x000000008b100000|  0%| F|  |TAMS 0x000000008b000000, 0x000000008b000000| Untracked 
| 177|0x000000008b100000, 0x000000008b100000, 0x000000008b200000|  0%| F|  |TAMS 0x000000008b100000, 0x000000008b100000| Untracked 
| 178|0x000000008b200000, 0x000000008b236150, 0x000000008b300000| 21%| E|  |TAMS 0x000000008b200000, 0x000000008b200000| Complete 
| 179|0x000000008b300000, 0x000000008b400000, 0x000000008b400000|100%| E|CS|TAMS 0x000000008b300000, 0x000000008b300000| Complete 
| 180|0x000000008b400000, 0x000000008b500000, 0x000000008b500000|100%| E|  |TAMS 0x000000008b400000, 0x000000008b400000| Complete 
| 181|0x000000008b500000, 0x000000008b600000, 0x000000008b600000|100%| E|CS|TAMS 0x000000008b500000, 0x000000008b500000| Complete 
| 182|0x000000008b600000, 0x000000008b700000, 0x000000008b700000|100%| E|CS|TAMS 0x000000008b600000, 0x000000008b600000| Complete 
| 183|0x000000008b700000, 0x000000008b800000, 0x000000008b800000|100%| E|CS|TAMS 0x000000008b700000, 0x000000008b700000| Complete 
| 184|0x000000008b800000, 0x000000008b900000, 0x000000008b900000|100%| E|CS|TAMS 0x000000008b800000, 0x000000008b800000| Complete 
| 185|0x000000008b900000, 0x000000008ba00000, 0x000000008ba00000|100%| E|CS|TAMS 0x000000008b900000, 0x000000008b900000| Complete 
| 186|0x000000008ba00000, 0x000000008bb00000, 0x000000008bb00000|100%| E|CS|TAMS 0x000000008ba00000, 0x000000008ba00000| Complete 
| 187|0x000000008bb00000, 0x000000008bc00000, 0x000000008bc00000|100%| E|CS|TAMS 0x000000008bb00000, 0x000000008bb00000| Complete 
| 188|0x000000008bc00000, 0x000000008bd00000, 0x000000008bd00000|100%| E|CS|TAMS 0x000000008bc00000, 0x000000008bc00000| Complete 
| 189|0x000000008bd00000, 0x000000008be00000, 0x000000008be00000|100%| E|CS|TAMS 0x000000008bd00000, 0x000000008bd00000| Complete 
| 190|0x000000008be00000, 0x000000008bf00000, 0x000000008bf00000|100%| E|CS|TAMS 0x000000008be00000, 0x000000008be00000| Complete 
| 191|0x000000008bf00000, 0x000000008c000000, 0x000000008c000000|100%| E|CS|TAMS 0x000000008bf00000, 0x000000008bf00000| Complete 
| 192|0x000000008c000000, 0x000000008c100000, 0x000000008c100000|100%| E|CS|TAMS 0x000000008c000000, 0x000000008c000000| Complete 
| 193|0x000000008c100000, 0x000000008c200000, 0x000000008c200000|100%| E|CS|TAMS 0x000000008c100000, 0x000000008c100000| Complete 
| 194|0x000000008c200000, 0x000000008c300000, 0x000000008c300000|100%| E|CS|TAMS 0x000000008c200000, 0x000000008c200000| Complete 
| 195|0x000000008c300000, 0x000000008c400000, 0x000000008c400000|100%| E|CS|TAMS 0x000000008c300000, 0x000000008c300000| Complete 
| 196|0x000000008c400000, 0x000000008c500000, 0x000000008c500000|100%| E|CS|TAMS 0x000000008c400000, 0x000000008c400000| Complete 
| 197|0x000000008c500000, 0x000000008c600000, 0x000000008c600000|100%| E|CS|TAMS 0x000000008c500000, 0x000000008c500000| Complete 
| 198|0x000000008c600000, 0x000000008c700000, 0x000000008c700000|100%| E|CS|TAMS 0x000000008c600000, 0x000000008c600000| Complete 
| 199|0x000000008c700000, 0x000000008c800000, 0x000000008c800000|100%| E|CS|TAMS 0x000000008c700000, 0x000000008c700000| Complete 
| 200|0x000000008c800000, 0x000000008c900000, 0x000000008c900000|100%| E|CS|TAMS 0x000000008c800000, 0x000000008c800000| Complete 
| 201|0x000000008c900000, 0x000000008ca00000, 0x000000008ca00000|100%| E|CS|TAMS 0x000000008c900000, 0x000000008c900000| Complete 
| 202|0x000000008ca00000, 0x000000008cb00000, 0x000000008cb00000|100%| E|CS|TAMS 0x000000008ca00000, 0x000000008ca00000| Complete 
| 203|0x000000008cb00000, 0x000000008cc00000, 0x000000008cc00000|100%| E|CS|TAMS 0x000000008cb00000, 0x000000008cb00000| Complete 
| 204|0x000000008cc00000, 0x000000008cd00000, 0x000000008cd00000|100%| E|CS|TAMS 0x000000008cc00000, 0x000000008cc00000| Complete 
| 205|0x000000008cd00000, 0x000000008ce00000, 0x000000008ce00000|100%| E|CS|TAMS 0x000000008cd00000, 0x000000008cd00000| Complete 
| 206|0x000000008ce00000, 0x000000008cf00000, 0x000000008cf00000|100%| E|CS|TAMS 0x000000008ce00000, 0x000000008ce00000| Complete 
| 207|0x000000008cf00000, 0x000000008d000000, 0x000000008d000000|100%| E|CS|TAMS 0x000000008cf00000, 0x000000008cf00000| Complete 
| 208|0x000000008d000000, 0x000000008d100000, 0x000000008d100000|100%| E|CS|TAMS 0x000000008d000000, 0x000000008d000000| Complete 
| 209|0x000000008d100000, 0x000000008d200000, 0x000000008d200000|100%| E|CS|TAMS 0x000000008d100000, 0x000000008d100000| Complete 
| 210|0x000000008d200000, 0x000000008d300000, 0x000000008d300000|100%| E|CS|TAMS 0x000000008d200000, 0x000000008d200000| Complete 
| 211|0x000000008d300000, 0x000000008d400000, 0x000000008d400000|100%| E|CS|TAMS 0x000000008d300000, 0x000000008d300000| Complete 
| 212|0x000000008d400000, 0x000000008d500000, 0x000000008d500000|100%| E|CS|TAMS 0x000000008d400000, 0x000000008d400000| Complete 
| 213|0x000000008d500000, 0x000000008d600000, 0x000000008d600000|100%| E|CS|TAMS 0x000000008d500000, 0x000000008d500000| Complete 
| 214|0x000000008d600000, 0x000000008d700000, 0x000000008d700000|100%| E|CS|TAMS 0x000000008d600000, 0x000000008d600000| Complete 
| 215|0x000000008d700000, 0x000000008d800000, 0x000000008d800000|100%| E|CS|TAMS 0x000000008d700000, 0x000000008d700000| Complete 
| 216|0x000000008d800000, 0x000000008d900000, 0x000000008d900000|100%| E|CS|TAMS 0x000000008d800000, 0x000000008d800000| Complete 
| 217|0x000000008d900000, 0x000000008da00000, 0x000000008da00000|100%| E|CS|TAMS 0x000000008d900000, 0x000000008d900000| Complete 
| 218|0x000000008da00000, 0x000000008db00000, 0x000000008db00000|100%| E|CS|TAMS 0x000000008da00000, 0x000000008da00000| Complete 
| 219|0x000000008db00000, 0x000000008dc00000, 0x000000008dc00000|100%| E|CS|TAMS 0x000000008db00000, 0x000000008db00000| Complete 
| 220|0x000000008dc00000, 0x000000008dd00000, 0x000000008dd00000|100%| E|CS|TAMS 0x000000008dc00000, 0x000000008dc00000| Complete 
| 221|0x000000008dd00000, 0x000000008de00000, 0x000000008de00000|100%| E|CS|TAMS 0x000000008dd00000, 0x000000008dd00000| Complete 

Card table byte_map: [0x0000023e3f810000,0x0000023e3fc10000] _byte_map_base: 0x0000023e3f410000

Marking Bits (Prev, Next): (CMBitMap*) 0x0000023e2c33d960, (CMBitMap*) 0x0000023e2c33d928
 Prev Bits: [0x0000023e42010000, 0x0000023e44010000)
 Next Bits: [0x0000023e40010000, 0x0000023e42010000)

Polling page: 0x0000023e2aa90000

Metaspace:

Usage:
  Non-class:     92.19 MB capacity,    90.80 MB ( 98%) used,     1.12 MB (  1%) free+waste,   274.88 KB ( <1%) overhead. 
      Class:     13.55 MB capacity,    12.70 MB ( 94%) used,   750.84 KB (  5%) free+waste,   119.63 KB ( <1%) overhead. 
       Both:    105.74 MB capacity,   103.50 MB ( 98%) used,     1.85 MB (  2%) free+waste,   394.50 KB ( <1%) overhead. 

Virtual space:
  Non-class space:       94.00 MB reserved,      92.37 MB ( 98%) committed 
      Class space:        1.00 GB reserved,      13.63 MB (  1%) committed 
             Both:        1.09 GB reserved,     106.00 MB (  9%) committed 

Chunk freelists:
   Non-Class:  60.00 KB
       Class:  43.00 KB
        Both:  103.00 KB

MaxMetaspaceSize: 17179869184.00 GB
CompressedClassSpaceSize: 1.00 GB

CodeHeap 'non-profiled nmethods': size=120064Kb used=9384Kb max_used=9384Kb free=110679Kb
 bounds [0x0000023e378b0000, 0x0000023e381e0000, 0x0000023e3edf0000]
CodeHeap 'profiled nmethods': size=120000Kb used=34070Kb max_used=34070Kb free=85929Kb
 bounds [0x0000023e30380000, 0x0000023e324d0000, 0x0000023e378b0000]
CodeHeap 'non-nmethods': size=5696Kb used=2384Kb max_used=2454Kb free=3311Kb
 bounds [0x0000023e2fdf0000, 0x0000023e30070000, 0x0000023e30380000]
 total_blobs=15806 nmethods=14767 adapters=950
 compilation: enabled
              stopped_count=0, restarted_count=0
 full_count=0

Compilation events (20 events):
Event: 50.096 Thread 0x0000023e46632000 14929       3       android.aapt.pb.internal.ResourcesInternal$CompiledFile::access$1600 (4 bytes)
Event: 50.096 Thread 0x0000023e46632000 nmethod 14929 0x0000023e3249a810 code [0x0000023e3249a9c0, 0x0000023e3249aab8]
Event: 50.132 Thread 0x0000023e46632000 14930       3       java.util.HashMap$ValueSpliterator::tryAdvance (138 bytes)
Event: 50.133 Thread 0x0000023e46632000 nmethod 14930 0x0000023e3249ab90 code [0x0000023e3249adc0, 0x0000023e3249b4d8]
Event: 50.133 Thread 0x0000023e46632000 14931       3       java.lang.management.ManagementFactory$PlatformMBeanFinder$$Lambda$60/0x0000000100162440::test (12 bytes)
Event: 50.133 Thread 0x0000023e46632000 nmethod 14931 0x0000023e3249b710 code [0x0000023e3249b900, 0x0000023e3249bcf8]
Event: 50.198 Thread 0x0000023e46632000 14932       1       org.gradle.api.internal.AbstractTask::getLogger (5 bytes)
Event: 50.198 Thread 0x0000023e46632000 nmethod 14932 0x0000023e381c9310 code [0x0000023e381c94c0, 0x0000023e381c9578]
Event: 50.208 Thread 0x0000023e46632000 14933       3       org.gradle.api.internal.file.collections.UnpackingVisitor::<init> (12 bytes)
Event: 50.209 Thread 0x0000023e46632000 nmethod 14933 0x0000023e3249be90 code [0x0000023e3249c060, 0x0000023e3249c398]
Event: 50.211 Thread 0x0000023e46632000 14934       3       java.lang.Class::getDeclaredPublicMethods (95 bytes)
Event: 50.212 Thread 0x0000023e46632000 nmethod 14934 0x0000023e3249c490 code [0x0000023e3249c7c0, 0x0000023e3249db08]
Event: 50.215 Thread 0x0000023e46632000 14935   !   2       org.apache.xerces.parsers.AbstractSAXParser::characters (78 bytes)
Event: 50.216 Thread 0x0000023e46632000 nmethod 14935 0x0000023e3249e310 code [0x0000023e3249e4e0, 0x0000023e3249e768]
Event: 50.217 Thread 0x0000023e46632000 14937       3       com.google.common.collect.ImmutableMap::isEmpty (13 bytes)
Event: 50.217 Thread 0x0000023e46632000 nmethod 14937 0x0000023e3249e910 code [0x0000023e3249eac0, 0x0000023e3249ecc8]
Event: 50.217 Thread 0x0000023e46632000 14938       3       com.android.aaptcompiler.ResourceFile::<init> (35 bytes)
Event: 50.218 Thread 0x0000023e46632000 nmethod 14938 0x0000023e3249ed90 code [0x0000023e3249ef80, 0x0000023e3249f348]
Event: 50.218 Thread 0x0000023e46632000 14939       3       com.android.aaptcompiler.ResourceFile::<init> (64 bytes)
Event: 50.220 Thread 0x0000023e46632000 nmethod 14939 0x0000023e3249f510 code [0x0000023e3249f940, 0x0000023e324a1358]

GC Heap History (20 events):
Event: 39.922 GC heap before
{Heap before GC invocations=30 (full 0):
 garbage-first heap   total 189440K, used 150160K [0x0000000080000000, 0x0000000100000000)
  region size 1024K, 65 young (66560K), 7 survivors (7168K)
 Metaspace       used 93260K, capacity 95397K, committed 95612K, reserved 1132544K
  class space    used 11915K, capacity 12757K, committed 12800K, reserved 1048576K
}
Event: 39.948 GC heap after
{Heap after GC invocations=31 (full 0):
 garbage-first heap   total 189440K, used 103065K [0x0000000080000000, 0x0000000100000000)
  region size 1024K, 9 young (9216K), 9 survivors (9216K)
 Metaspace       used 93260K, capacity 95397K, committed 95612K, reserved 1132544K
  class space    used 11915K, capacity 12757K, committed 12800K, reserved 1048576K
}
Event: 40.286 GC heap before
{Heap before GC invocations=31 (full 0):
 garbage-first heap   total 189440K, used 117401K [0x0000000080000000, 0x0000000100000000)
  region size 1024K, 25 young (25600K), 9 survivors (9216K)
 Metaspace       used 95470K, capacity 97696K, committed 97916K, reserved 1134592K
  class space    used 12133K, capacity 12983K, committed 13056K, reserved 1048576K
}
Event: 40.318 GC heap after
{Heap after GC invocations=32 (full 0):
 garbage-first heap   total 189440K, used 106358K [0x0000000080000000, 0x0000000100000000)
  region size 1024K, 3 young (3072K), 3 survivors (3072K)
 Metaspace       used 95470K, capacity 97696K, committed 97916K, reserved 1134592K
  class space    used 12133K, capacity 12983K, committed 13056K, reserved 1048576K
}
Event: 41.700 GC heap before
{Heap before GC invocations=33 (full 0):
 garbage-first heap   total 189440K, used 147318K [0x0000000080000000, 0x0000000100000000)
  region size 1024K, 36 young (36864K), 3 survivors (3072K)
 Metaspace       used 96763K, capacity 98931K, committed 99324K, reserved 1136640K
  class space    used 12232K, capacity 13067K, committed 13184K, reserved 1048576K
}
Event: 41.719 GC heap after
{Heap after GC invocations=34 (full 0):
 garbage-first heap   total 189440K, used 110592K [0x0000000080000000, 0x0000000100000000)
  region size 1024K, 5 young (5120K), 5 survivors (5120K)
 Metaspace       used 96763K, capacity 98931K, committed 99324K, reserved 1136640K
  class space    used 12232K, capacity 13067K, committed 13184K, reserved 1048576K
}
Event: 42.359 GC heap before
{Heap before GC invocations=34 (full 0):
 garbage-first heap   total 189440K, used 144384K [0x0000000080000000, 0x0000000100000000)
  region size 1024K, 38 young (38912K), 5 survivors (5120K)
 Metaspace       used 99460K, capacity 101685K, committed 101884K, reserved 1138688K
  class space    used 12519K, capacity 13364K, committed 13440K, reserved 1048576K
}
Event: 42.374 GC heap after
{Heap after GC invocations=35 (full 0):
 garbage-first heap   total 227328K, used 112218K [0x0000000080000000, 0x0000000100000000)
  region size 1024K, 2 young (2048K), 2 survivors (2048K)
 Metaspace       used 99460K, capacity 101685K, committed 101884K, reserved 1138688K
  class space    used 12519K, capacity 13364K, committed 13440K, reserved 1048576K
}
Event: 43.319 GC heap before
{Heap before GC invocations=36 (full 0):
 garbage-first heap   total 227328K, used 159322K [0x0000000080000000, 0x0000000100000000)
  region size 1024K, 49 young (50176K), 2 survivors (2048K)
 Metaspace       used 99582K, capacity 101845K, committed 102268K, reserved 1138688K
  class space    used 12519K, capacity 13396K, committed 13568K, reserved 1048576K
}
Event: 43.322 GC heap after
{Heap after GC invocations=37 (full 0):
 garbage-first heap   total 227328K, used 111021K [0x0000000080000000, 0x0000000100000000)
  region size 1024K, 2 young (2048K), 2 survivors (2048K)
 Metaspace       used 99582K, capacity 101845K, committed 102268K, reserved 1138688K
  class space    used 12519K, capacity 13396K, committed 13568K, reserved 1048576K
}
Event: 43.901 GC heap before
{Heap before GC invocations=37 (full 0):
 garbage-first heap   total 227328K, used 163245K [0x0000000080000000, 0x0000000100000000)
  region size 1024K, 53 young (54272K), 2 survivors (2048K)
 Metaspace       used 99688K, capacity 101913K, committed 102268K, reserved 1138688K
  class space    used 12525K, capacity 13397K, committed 13568K, reserved 1048576K
}
Event: 43.906 GC heap after
{Heap after GC invocations=38 (full 0):
 garbage-first heap   total 227328K, used 111417K [0x0000000080000000, 0x0000000100000000)
  region size 1024K, 2 young (2048K), 2 survivors (2048K)
 Metaspace       used 99688K, capacity 101913K, committed 102268K, reserved 1138688K
  class space    used 12525K, capacity 13397K, committed 13568K, reserved 1048576K
}
Event: 45.002 GC heap before
{Heap before GC invocations=39 (full 0):
 garbage-first heap   total 227328K, used 167737K [0x0000000080000000, 0x0000000100000000)
  region size 1024K, 57 young (58368K), 2 survivors (2048K)
 Metaspace       used 99864K, capacity 102111K, committed 102524K, reserved 1138688K
  class space    used 12533K, capacity 13399K, committed 13568K, reserved 1048576K
}
Event: 45.013 GC heap after
{Heap after GC invocations=40 (full 0):
 garbage-first heap   total 227328K, used 115083K [0x0000000080000000, 0x0000000100000000)
  region size 1024K, 6 young (6144K), 6 survivors (6144K)
 Metaspace       used 99864K, capacity 102111K, committed 102524K, reserved 1138688K
  class space    used 12533K, capacity 13399K, committed 13568K, reserved 1048576K
}
Event: 45.023 GC heap before
{Heap before GC invocations=40 (full 0):
 garbage-first heap   total 227328K, used 116107K [0x0000000080000000, 0x0000000100000000)
  region size 1024K, 8 young (8192K), 6 survivors (6144K)
 Metaspace       used 99864K, capacity 102111K, committed 102524K, reserved 1138688K
  class space    used 12533K, capacity 13399K, committed 13568K, reserved 1048576K
}
Event: 45.032 GC heap after
{Heap after GC invocations=41 (full 0):
 garbage-first heap   total 227328K, used 116438K [0x0000000080000000, 0x0000000100000000)
  region size 1024K, 6 young (6144K), 6 survivors (6144K)
 Metaspace       used 99864K, capacity 102111K, committed 102524K, reserved 1138688K
  class space    used 12533K, capacity 13399K, committed 13568K, reserved 1048576K
}
Event: 46.182 GC heap before
{Heap before GC invocations=42 (full 0):
 garbage-first heap   total 227328K, used 190166K [0x0000000080000000, 0x0000000100000000)
  region size 1024K, 64 young (65536K), 6 survivors (6144K)
 Metaspace       used 103675K, capacity 105863K, committed 106108K, reserved 1142784K
  class space    used 12832K, capacity 13670K, committed 13824K, reserved 1048576K
}
Event: 46.193 GC heap after
{Heap after GC invocations=43 (full 0):
 garbage-first heap   total 227328K, used 118364K [0x0000000080000000, 0x0000000100000000)
  region size 1024K, 7 young (7168K), 7 survivors (7168K)
 Metaspace       used 103675K, capacity 105863K, committed 106108K, reserved 1142784K
  class space    used 12832K, capacity 13670K, committed 13824K, reserved 1048576K
}
Event: 47.486 GC heap before
{Heap before GC invocations=43 (full 0):
 garbage-first heap   total 227328K, used 176732K [0x0000000080000000, 0x0000000100000000)
  region size 1024K, 65 young (66560K), 7 survivors (7168K)
 Metaspace       used 104725K, capacity 106951K, committed 107132K, reserved 1142784K
  class space    used 12900K, capacity 13734K, committed 13824K, reserved 1048576K
}
Event: 47.494 GC heap after
{Heap after GC invocations=44 (full 0):
 garbage-first heap   total 227328K, used 116132K [0x0000000080000000, 0x0000000100000000)
  region size 1024K, 1 young (1024K), 1 survivors (1024K)
 Metaspace       used 104725K, capacity 106951K, committed 107132K, reserved 1142784K
  class space    used 12900K, capacity 13734K, committed 13824K, reserved 1048576K
}

Deoptimization events (20 events):
Event: 50.215 Thread 0x0000023e4caeb800 Uncommon trap: trap_request=0xffffffde fr.pc=0x0000023e37ef76d8 relative=0x0000000000000178
Event: 50.215 Thread 0x0000023e4caeb800 Uncommon trap: reason=class_check action=maybe_recompile pc=0x0000023e37ef76d8 method=org.apache.xerces.parsers.AbstractSAXParser.characters(Lorg/apache/xerces/xni/XMLString;Lorg/apache/xerces/xni/Augmentations;)V @ 59 c2
Event: 50.215 Thread 0x0000023e4caeb800 DEOPT PACKING pc=0x0000023e37ef76d8 sp=0x000000b3e43fa500
Event: 50.215 Thread 0x0000023e4caeb800 DEOPT UNPACKING pc=0x0000023e2fe178af sp=0x000000b3e43fa408 mode 2
Event: 50.215 Thread 0x0000023e4caeb800 Uncommon trap: trap_request=0xffffffde fr.pc=0x0000023e37ef76d8 relative=0x0000000000000178
Event: 50.215 Thread 0x0000023e4caeb800 Uncommon trap: reason=class_check action=maybe_recompile pc=0x0000023e37ef76d8 method=org.apache.xerces.parsers.AbstractSAXParser.characters(Lorg/apache/xerces/xni/XMLString;Lorg/apache/xerces/xni/Augmentations;)V @ 59 c2
Event: 50.215 Thread 0x0000023e4caeb800 DEOPT PACKING pc=0x0000023e37ef76d8 sp=0x000000b3e43fa500
Event: 50.215 Thread 0x0000023e4caeb800 DEOPT UNPACKING pc=0x0000023e2fe178af sp=0x000000b3e43fa408 mode 2
Event: 50.215 Thread 0x0000023e4caeb800 Uncommon trap: trap_request=0xffffffde fr.pc=0x0000023e37ef76d8 relative=0x0000000000000178
Event: 50.215 Thread 0x0000023e4caeb800 Uncommon trap: reason=class_check action=maybe_recompile pc=0x0000023e37ef76d8 method=org.apache.xerces.parsers.AbstractSAXParser.characters(Lorg/apache/xerces/xni/XMLString;Lorg/apache/xerces/xni/Augmentations;)V @ 59 c2
Event: 50.215 Thread 0x0000023e4caeb800 DEOPT PACKING pc=0x0000023e37ef76d8 sp=0x000000b3e43fa500
Event: 50.215 Thread 0x0000023e4caeb800 DEOPT UNPACKING pc=0x0000023e2fe178af sp=0x000000b3e43fa408 mode 2
Event: 50.215 Thread 0x0000023e4caeb800 Uncommon trap: trap_request=0xffffffde fr.pc=0x0000023e37ef76d8 relative=0x0000000000000178
Event: 50.215 Thread 0x0000023e4caeb800 Uncommon trap: reason=class_check action=maybe_recompile pc=0x0000023e37ef76d8 method=org.apache.xerces.parsers.AbstractSAXParser.characters(Lorg/apache/xerces/xni/XMLString;Lorg/apache/xerces/xni/Augmentations;)V @ 59 c2
Event: 50.215 Thread 0x0000023e4caeb800 DEOPT PACKING pc=0x0000023e37ef76d8 sp=0x000000b3e43fa500
Event: 50.215 Thread 0x0000023e4caeb800 DEOPT UNPACKING pc=0x0000023e2fe178af sp=0x000000b3e43fa408 mode 2
Event: 50.215 Thread 0x0000023e4caeb800 Uncommon trap: trap_request=0xffffffde fr.pc=0x0000023e37ef0cf8 relative=0x00000000000000b8
Event: 50.215 Thread 0x0000023e4caeb800 Uncommon trap: reason=class_check action=maybe_recompile pc=0x0000023e37ef0cf8 method=org.apache.xerces.parsers.AbstractSAXParser.characters(Lorg/apache/xerces/xni/XMLString;Lorg/apache/xerces/xni/Augmentations;)V @ 59 c2
Event: 50.215 Thread 0x0000023e4caeb800 DEOPT PACKING pc=0x0000023e37ef0cf8 sp=0x000000b3e43fa480
Event: 50.215 Thread 0x0000023e4caeb800 DEOPT UNPACKING pc=0x0000023e2fe178af sp=0x000000b3e43fa400 mode 2

Classes redefined (0 events):
No events

Internal exceptions (20 events):
Event: 45.000 Thread 0x0000023e4cae9000 Implicit null exception at 0x0000023e37fc9fc9 to 0x0000023e37fcfc10
Event: 45.001 Thread 0x0000023e4cae9000 Implicit null exception at 0x0000023e37fc9fc9 to 0x0000023e37fcfc10
Event: 45.083 Thread 0x0000023e4cae9000 Implicit null exception at 0x0000023e37fc9fc9 to 0x0000023e37fcfc10
Event: 45.251 Thread 0x0000023e4cae9000 Exception <a 'java/lang/NoSuchMethodError'{0x000000008d4d4fb0}: <clinit>> (0x000000008d4d4fb0) thrown at [./src/hotspot/share/prims/jni.cpp, line 1362]
Event: 46.113 Thread 0x0000023e4caea800 Implicit null exception at 0x0000023e380fa56f to 0x0000023e380fb050
Event: 46.113 Thread 0x0000023e4caea800 Implicit null exception at 0x0000023e380fa56f to 0x0000023e380fb050
Event: 46.113 Thread 0x0000023e4caea800 Implicit null exception at 0x0000023e380fa56f to 0x0000023e380fb050
Event: 46.113 Thread 0x0000023e4caea800 Implicit null exception at 0x0000023e380fa56f to 0x0000023e380fb050
Event: 49.893 Thread 0x0000023e4caeb800 Exception <a 'sun/nio/fs/WindowsException'{0x000000008be2fac0}> (0x000000008be2fac0) thrown at [./src/hotspot/share/prims/jni.cpp, line 615]
Event: 49.893 Thread 0x0000023e4caeb800 Exception <a 'sun/nio/fs/WindowsException'{0x000000008be30988}> (0x000000008be30988) thrown at [./src/hotspot/share/prims/jni.cpp, line 615]
Event: 49.990 Thread 0x0000023e4caeb800 Exception <a 'java/lang/ClassNotFoundException'{0x000000008bcc7400}: groovy/util/slurpersupport/NodeChildBeanInfo> (0x000000008bcc7400) thrown at [./src/hotspot/share/classfile/systemDictionary.cpp, line 231]
Event: 49.990 Thread 0x0000023e4caeb800 Exception <a 'java/lang/ClassNotFoundException'{0x000000008bcdc9d0}: groovy/util/slurpersupport/GPathResultBeanInfo> (0x000000008bcdc9d0) thrown at [./src/hotspot/share/classfile/systemDictionary.cpp, line 231]
Event: 49.991 Thread 0x0000023e4caeb800 Exception <a 'java/lang/ClassNotFoundException'{0x000000008bcf15a0}: groovy/util/slurpersupport/GPathResultCustomizer> (0x000000008bcf15a0) thrown at [./src/hotspot/share/classfile/systemDictionary.cpp, line 231]
Event: 49.995 Thread 0x0000023e4caeb800 Exception <a 'java/lang/ClassNotFoundException'{0x000000008bb17008}: groovy/util/slurpersupport/NodeChildCustomizer> (0x000000008bb17008) thrown at [./src/hotspot/share/classfile/systemDictionary.cpp, line 231]
Event: 50.007 Thread 0x0000023e4caeb800 Exception <a 'java/lang/ClassNotFoundException'{0x000000008ba229d0}: groovy/util/slurpersupport/AttributesBeanInfo> (0x000000008ba229d0) thrown at [./src/hotspot/share/classfile/systemDictionary.cpp, line 231]
Event: 50.008 Thread 0x0000023e4caeb800 Exception <a 'java/lang/ClassNotFoundException'{0x000000008ba37a60}: groovy/util/slurpersupport/NodeChildrenBeanInfo> (0x000000008ba37a60) thrown at [./src/hotspot/share/classfile/systemDictionary.cpp, line 231]
Event: 50.008 Thread 0x0000023e4caeb800 Exception <a 'java/lang/ClassNotFoundException'{0x000000008ba4c470}: groovy/util/slurpersupport/NodeChildrenCustomizer> (0x000000008ba4c470) thrown at [./src/hotspot/share/classfile/systemDictionary.cpp, line 231]
Event: 50.009 Thread 0x0000023e4caeb800 Exception <a 'java/lang/ClassNotFoundException'{0x000000008ba68680}: groovy/util/slurpersupport/AttributesCustomizer> (0x000000008ba68680) thrown at [./src/hotspot/share/classfile/systemDictionary.cpp, line 231]
Event: 50.015 Thread 0x0000023e4caeb800 Exception <a 'java/lang/ClassNotFoundException'{0x000000008b9564d0}: groovy/util/slurpersupport/AttributeBeanInfo> (0x000000008b9564d0) thrown at [./src/hotspot/share/classfile/systemDictionary.cpp, line 231]
Event: 50.016 Thread 0x0000023e4caeb800 Exception <a 'java/lang/ClassNotFoundException'{0x000000008b96ad18}: groovy/util/slurpersupport/AttributeCustomizer> (0x000000008b96ad18) thrown at [./src/hotspot/share/classfile/systemDictionary.cpp, line 231]

Events (20 events):
Event: 50.205 loading class kotlin/io/FileTreeWalk$FileTreeWalkIterator$BottomUpDirectoryState
Event: 50.205 loading class kotlin/io/FileTreeWalk$FileTreeWalkIterator$BottomUpDirectoryState done
Event: 50.205 loading class kotlin/io/FileTreeWalk$DirectoryState
Event: 50.205 loading class kotlin/io/FileTreeWalk$DirectoryState done
Event: 50.205 loading class kotlin/io/FileTreeWalk$WalkState
Event: 50.205 loading class kotlin/io/FileTreeWalk$WalkState done
Event: 50.206 loading class kotlin/collections/AbstractIterator$WhenMappings
Event: 50.206 loading class kotlin/collections/AbstractIterator$WhenMappings done
Event: 50.212 loading class org/apache/xerces/util/SecurityManager
Event: 50.212 loading class org/apache/xerces/util/SecurityManager done
Event: 50.216 loading class androidx/navigation/safe/args/generator/NavSafeArgsGeneratorKt
Event: 50.216 loading class androidx/navigation/safe/args/generator/NavSafeArgsGeneratorKt done
Event: 50.217 Executing VM operation: RevokeBias
Event: 50.217 Executing VM operation: RevokeBias done
Event: 50.220 Executing VM operation: RevokeBias
Event: 50.220 Executing VM operation: RevokeBias done
Event: 50.221 loading class androidx/navigation/safe/args/generator/NavSafeArgsGenerator
Event: 50.221 loading class androidx/navigation/safe/args/generator/NavSafeArgsGenerator done
Event: 50.222 loading class androidx/navigation/safe/args/generator/java/JavaNavWriter
Event: 50.222 loading class androidx/navigation/safe/args/generator/java/JavaNavWriter done


Dynamic libraries:
0x00007ff65ed50000 - 0x00007ff65ed5a000 	C:\Program Files\Android\Android Studio\jre\bin\java.exe
0x00007ffe07d90000 - 0x00007ffe07f85000 	C:\WINDOWS\SYSTEM32\ntdll.dll
0x00007ffe07300000 - 0x00007ffe073be000 	C:\WINDOWS\System32\KERNEL32.DLL
0x00007ffe055b0000 - 0x00007ffe05878000 	C:\WINDOWS\System32\KERNELBASE.dll
0x00007ffe05d30000 - 0x00007ffe05e30000 	C:\WINDOWS\System32\ucrtbase.dll
0x00007ffdf8230000 - 0x00007ffdf8249000 	C:\Program Files\Android\Android Studio\jre\bin\jli.dll
0x00007ffdf8210000 - 0x00007ffdf8227000 	C:\Program Files\Android\Android Studio\jre\bin\VCRUNTIME140.dll
0x00007ffe05f90000 - 0x00007ffe06131000 	C:\WINDOWS\System32\USER32.dll
0x00007ffe05a90000 - 0x00007ffe05ab2000 	C:\WINDOWS\System32\win32u.dll
0x00007ffdf7850000 - 0x00007ffdf7aea000 	C:\WINDOWS\WinSxS\amd64_microsoft.windows.common-controls_6595b64144ccf1df_6.0.19041.1110_none_60b5254171f9507e\COMCTL32.dll
0x00007ffe06a10000 - 0x00007ffe06a3b000 	C:\WINDOWS\System32\GDI32.dll
0x00007ffe07a20000 - 0x00007ffe07abe000 	C:\WINDOWS\System32\msvcrt.dll
0x00007ffe05c20000 - 0x00007ffe05d2d000 	C:\WINDOWS\System32\gdi32full.dll
0x00007ffe05910000 - 0x00007ffe059ad000 	C:\WINDOWS\System32\msvcp_win.dll
0x00007ffe05e90000 - 0x00007ffe05ec0000 	C:\WINDOWS\System32\IMM32.DLL
0x00007ffdf6640000 - 0x00007ffdf66dd000 	C:\Program Files\Android\Android Studio\jre\bin\msvcp140.dll
0x00007ffdc91b0000 - 0x00007ffdc9c7f000 	C:\Program Files\Android\Android Studio\jre\bin\server\jvm.dll
0x00007ffe07960000 - 0x00007ffe07a0c000 	C:\WINDOWS\System32\ADVAPI32.dll
0x00007ffe06e90000 - 0x00007ffe06f2b000 	C:\WINDOWS\System32\sechost.dll
0x00007ffe06ba0000 - 0x00007ffe06cca000 	C:\WINDOWS\System32\RPCRT4.dll
0x00007ffe07420000 - 0x00007ffe07428000 	C:\WINDOWS\System32\PSAPI.DLL
0x00007ffdefea0000 - 0x00007ffdefea9000 	C:\WINDOWS\SYSTEM32\WSOCK32.dll
0x00007ffe06f30000 - 0x00007ffe06f9b000 	C:\WINDOWS\System32\WS2_32.dll
0x00007ffdf5a30000 - 0x00007ffdf5a57000 	C:\WINDOWS\SYSTEM32\WINMM.dll
0x00007ffdfbe00000 - 0x00007ffdfbe0a000 	C:\WINDOWS\SYSTEM32\VERSION.dll
0x00007ffe03d90000 - 0x00007ffe03da2000 	C:\WINDOWS\SYSTEM32\kernel.appcore.dll
0x00007ffe00da0000 - 0x00007ffe00db1000 	C:\Program Files\Android\Android Studio\jre\bin\verify.dll
0x00007ffdf26d0000 - 0x00007ffdf28b4000 	C:\WINDOWS\SYSTEM32\DBGHELP.DLL
0x00007ffdf11a0000 - 0x00007ffdf11cc000 	C:\WINDOWS\SYSTEM32\dbgcore.DLL
0x00007ffe05880000 - 0x00007ffe05902000 	C:\WINDOWS\System32\bcryptPrimitives.dll
0x00007ffdfe8b0000 - 0x00007ffdfe8d9000 	C:\Program Files\Android\Android Studio\jre\bin\java.dll
0x00007ffe00d90000 - 0x00007ffe00d9b000 	C:\Program Files\Android\Android Studio\jre\bin\jimage.dll
0x00007ffe00ca0000 - 0x00007ffe00cb8000 	C:\Program Files\Android\Android Studio\jre\bin\zip.dll
0x00007ffe062c0000 - 0x00007ffe06a04000 	C:\WINDOWS\System32\SHELL32.dll
0x00007ffe034e0000 - 0x00007ffe03c74000 	C:\WINDOWS\SYSTEM32\windows.storage.dll
0x00007ffe06fa0000 - 0x00007ffe072f5000 	C:\WINDOWS\System32\combase.dll
0x00007ffe04e70000 - 0x00007ffe04e9e000 	C:\WINDOWS\SYSTEM32\Wldp.dll
0x00007ffe06af0000 - 0x00007ffe06b9d000 	C:\WINDOWS\System32\SHCORE.dll
0x00007ffe05e30000 - 0x00007ffe05e85000 	C:\WINDOWS\System32\shlwapi.dll
0x00007ffe05440000 - 0x00007ffe0545f000 	C:\WINDOWS\SYSTEM32\profapi.dll
0x00007ffdfffd0000 - 0x00007ffdfffea000 	C:\Program Files\Android\Android Studio\jre\bin\net.dll
0x00007ffdfcca0000 - 0x00007ffdfcdac000 	C:\WINDOWS\SYSTEM32\WINHTTP.dll
0x00007ffe04c50000 - 0x00007ffe04cba000 	C:\WINDOWS\system32\mswsock.dll
0x00007ffdfff20000 - 0x00007ffdfff34000 	C:\Program Files\Android\Android Studio\jre\bin\nio.dll
0x00007ffdf8250000 - 0x00007ffdf8277000 	C:\Users\user\.gradle\native\8bec1ad78214c89d9ad589b4d07fe93259594b29d510b10fafb7a158f7737e5d\windows-amd64\native-platform.dll
0x00007ffde38b0000 - 0x00007ffde39ed000 	C:\Users\user\.gradle\native\53dbd7edfb1c66fb8903c78663c9afc45aea4f116125fa6feffd364cf09443e8\windows-amd64\native-platform-file-events.dll
0x00007ffe00d80000 - 0x00007ffe00d8a000 	C:\Program Files\Android\Android Studio\jre\bin\management.dll
0x00007ffe001e0000 - 0x00007ffe001ec000 	C:\Program Files\Android\Android Studio\jre\bin\management_ext.dll
0x00007ffe051b0000 - 0x00007ffe051c8000 	C:\WINDOWS\SYSTEM32\CRYPTSP.dll
0x00007ffe04580000 - 0x00007ffe045b4000 	C:\WINDOWS\system32\rsaenh.dll
0x00007ffe059b0000 - 0x00007ffe059d7000 	C:\WINDOWS\System32\bcrypt.dll
0x00007ffe05400000 - 0x00007ffe0542e000 	C:\WINDOWS\SYSTEM32\USERENV.dll
0x00007ffe04de0000 - 0x00007ffe04dec000 	C:\WINDOWS\SYSTEM32\CRYPTBASE.dll
0x00007ffe04910000 - 0x00007ffe0494b000 	C:\WINDOWS\SYSTEM32\IPHLPAPI.DLL
0x00007ffe07a10000 - 0x00007ffe07a18000 	C:\WINDOWS\System32\NSI.dll
0x00007ffdfd8b0000 - 0x00007ffdfd8c7000 	C:\WINDOWS\SYSTEM32\dhcpcsvc6.DLL
0x00007ffdfd6d0000 - 0x00007ffdfd6ed000 	C:\WINDOWS\SYSTEM32\dhcpcsvc.DLL
0x00007ffe04960000 - 0x00007ffe04a2b000 	C:\WINDOWS\SYSTEM32\DNSAPI.dll
0x00007ffdf8280000 - 0x00007ffdf82a7000 	C:\Program Files\Android\Android Studio\jre\bin\sunec.dll
0x00007ffdf6770000 - 0x00007ffdf677a000 	C:\Windows\System32\rasadhlp.dll
0x00007ffdfc8b0000 - 0x00007ffdfc92f000 	C:\WINDOWS\System32\fwpuclnt.dll
0x00007ffde4bf0000 - 0x00007ffde4d94000 	C:\Program Files\Android\Android Studio\jre\bin\awt.dll
0x00007ffe05ec0000 - 0x00007ffe05f8d000 	C:\WINDOWS\System32\OLEAUT32.dll
0x00007ffe02a90000 - 0x00007ffe02abf000 	C:\WINDOWS\SYSTEM32\dwmapi.dll
0x00007ffe026c0000 - 0x00007ffe02750000 	C:\WINDOWS\SYSTEM32\apphelp.dll
0x00007ffe02800000 - 0x00007ffe0289e000 	C:\WINDOWS\system32\uxtheme.dll

dbghelp: loaded successfully - version: 4.0.5 - missing functions: none
symbol engine: initialized successfully - sym options: 0x614 - pdb path: .;C:\Program Files\Android\Android Studio\jre\bin;C:\WINDOWS\SYSTEM32;C:\WINDOWS\WinSxS\amd64_microsoft.windows.common-controls_6595b64144ccf1df_6.0.19041.1110_none_60b5254171f9507e;C:\Program Files\Android\Android Studio\jre\bin\server;C:\Users\user\.gradle\native\8bec1ad78214c89d9ad589b4d07fe93259594b29d510b10fafb7a158f7737e5d\windows-amd64;C:\Users\user\.gradle\native\53dbd7edfb1c66fb8903c78663c9afc45aea4f116125fa6feffd364cf09443e8\windows-amd64

VM Arguments:
jvm_args: --add-opens=java.base/java.util=ALL-UNNAMED --add-opens=java.base/java.lang=ALL-UNNAMED --add-opens=java.base/java.lang.invoke=ALL-UNNAMED --add-opens=java.base/java.util=ALL-UNNAMED --add-opens=java.prefs/java.util.prefs=ALL-UNNAMED --add-opens=java.prefs/java.util.prefs=ALL-UNNAMED --add-opens=java.base/java.nio.charset=ALL-UNNAMED --add-opens=java.base/java.net=ALL-UNNAMED --add-opens=java.base/java.util.concurrent.atomic=ALL-UNNAMED -Xmx2048m -Dfile.encoding=UTF-8 -Duser.country=US -Duser.language=en -Duser.variant 
java_command: org.gradle.launcher.daemon.bootstrap.GradleDaemon 7.0.2
java_class_path (initial): C:\Users\user\.gradle\wrapper\dists\gradle-7.0.2-bin\857tjihv64xamwrf0h14cai3r\gradle-7.0.2\lib\gradle-launcher-7.0.2.jar
Launcher Type: SUN_STANDARD

[Global flags]
     intx CICompilerCount                          = 3                                         {product} {ergonomic}
     uint ConcGCThreads                            = 1                                         {product} {ergonomic}
     uint G1ConcRefinementThreads                  = 4                                         {product} {ergonomic}
   size_t G1HeapRegionSize                         = 1048576                                   {product} {ergonomic}
    uintx GCDrainStackTargetSize                   = 64                                        {product} {ergonomic}
   size_t InitialHeapSize                          = 134217728                                 {product} {ergonomic}
   size_t MarkStackSize                            = 4194304                                   {product} {ergonomic}
   size_t MaxHeapSize                              = 2147483648                                {product} {command line}
   size_t MaxNewSize                               = 1287651328                                {product} {ergonomic}
   size_t MinHeapDeltaBytes                        = 1048576                                   {product} {ergonomic}
    uintx NonNMethodCodeHeapSize                   = 5830732                                {pd product} {ergonomic}
    uintx NonProfiledCodeHeapSize                  = 122913754                              {pd product} {ergonomic}
    uintx ProfiledCodeHeapSize                     = 122913754                              {pd product} {ergonomic}
    uintx ReservedCodeCacheSize                    = 251658240                              {pd product} {ergonomic}
     bool SegmentedCodeCache                       = true                                      {product} {ergonomic}
     bool UseCompressedClassPointers               = true                                 {lp64_product} {ergonomic}
     bool UseCompressedOops                        = true                                 {lp64_product} {ergonomic}
     bool UseG1GC                                  = true                                      {product} {ergonomic}
     bool UseLargePagesIndividualAllocation        = false                                  {pd product} {ergonomic}

Logging:
Log output configuration:
 #0: stdout all=warning uptime,level,tags
 #1: stderr all=off uptime,level,tags

Environment Variables:
PATH=C:\Program Files\Common Files\Oracle\Java\javapath;C:\WINDOWS\system32;C:\WINDOWS;C:\WINDOWS\System32\Wbem;C:\WINDOWS\System32\WindowsPowerShell\v1.0\;C:\WINDOWS\System32\OpenSSH\;C:\Program Files\Java\jdk-17.0.1\bin;C:\Program Files\Git\cmd;C:\Program Files\Memurai\;C:\Program Files\dotnet\;C:\Program Files\PostgreSQL\14\bin;C:\Program Files\PostgreSQL\14\lib;C:\Users\user\AppData\Local\Programs\Python\Python38\Scripts\;C:\Users\user\AppData\Local\Programs\Python\Python38\;C:\Users\user\AppData\Local\Microsoft\WindowsApps;;C:\Users\user\AppData\Local\Programs\Microsoft VS Code\bin;C:\Users\user\.dotnet\tools
USERNAME=user
OS=Windows_NT
PROCESSOR_IDENTIFIER=Intel64 Family 6 Model 60 Stepping 3, GenuineIntel



---------------  S Y S T E M  ---------------

OS: Windows 10 , 64 bit Build 19041 (10.0.19041.1348)
OS uptime: 1 days 17:46 hours
Hyper-V role detected

CPU:total 4 (initial active 4) (2 cores per cpu, 2 threads per core) family 6 model 60 stepping 3 microcode 0x27, cmov, cx8, fxsr, mmx, sse, sse2, sse3, ssse3, sse4.1, sse4.2, popcnt, avx, avx2, aes, clmul, erms, lzcnt, ht, tsc, tscinvbit, bmi1, bmi2, fma

Memory: 4k page, system-wide physical 8073M (1852M free)
TotalPageFile size 9993M (AvailPageFile size 2891M)
current process WorkingSet (physical memory assigned to process): 529M, peak: 533M
current process commit charge ("private bytes"): 555M, peak: 559M

vm_info: OpenJDK 64-Bit Server VM (11.0.10+0-b96-7249189) for windows-amd64 JRE (11.0.10+0-b96-7249189), built on Mar 31 2021 21:44:00 by "builder" with MS VC++ 14.0 (VS2015)

END.
